#
# There is insufficient memory for the Java Runtime Environment to continue.
# Native memory allocation (malloc) failed to allocate 1173616 bytes for Chunk::new
# Possible reasons:
#   The system is out of physical RAM or swap space
#   The process is running with CompressedOops enabled, and the Java Heap may be blocking the growth of the native heap
# Possible solutions:
#   Reduce memory load on the system
#   Increase physical memory or swap space
#   Check if swap backing store is full
#   Decrease Java heap size (-Xmx/-Xms)
#   Decrease number of Java threads
#   Decrease Java thread stack sizes (-Xss)
#   Set larger code cache with -XX:ReservedCodeCacheSize=
#   JVM is running with Zero Based Compressed Oops mode in which the Java heap is
#     placed in the first 32GB address space. The Java Heap base address is the
#     maximum limit for the native heap growth. Please use -XX:HeapBaseMinAddress
#     to set the Java Heap base and to place the Java Heap above 32GB virtual address.
# This output file may be truncated or incomplete.
#
#  Out of Memory Error (arena.cpp:189), pid=30032, tid=14248
#
# JRE version: Java(TM) SE Runtime Environment (17.0.12+8) (build 17.0.12+8-LTS-286)
# Java VM: Java HotSpot(TM) 64-Bit Server VM (17.0.12+8-LTS-286, mixed mode, sharing, tiered, compressed oops, compressed class ptrs, g1 gc, windows-amd64)
# No core dump will be written. Minidumps are not enabled by default on client versions of Windows
#

---------------  S U M M A R Y ------------

Command Line: -XX:MaxMetaspaceSize=1g --add-opens=java.base/java.util=ALL-UNNAMED --add-opens=java.base/java.lang=ALL-UNNAMED --add-opens=java.base/java.lang.invoke=ALL-UNNAMED --add-opens=java.prefs/java.util.prefs=ALL-UNNAMED --add-opens=java.base/java.nio.charset=ALL-UNNAMED --add-opens=java.base/java.net=ALL-UNNAMED --add-opens=java.base/java.util.concurrent.atomic=ALL-UNNAMED -Xmx6g -Dfile.encoding=UTF-8 -Duser.country=US -Duser.language=en -Duser.variant -javaagent:C:\Users\DELL\.gradle\wrapper\dists\gradle-8.7-all\aan3ydargesu18aqyqjwhr3pc\gradle-8.7\lib\agents\gradle-instrumentation-agent-8.7.jar org.gradle.launcher.daemon.bootstrap.GradleDaemon 8.7

Host: Intel(R) Core(TM) i5-8350U CPU @ 1.70GHz, 8 cores, 7G,  Windows 10 , 64 bit Build 19041 (10.0.19041.928)
Time: Sat Jan  3 00:43:05 2026 E. Africa Standard Time elapsed time: 387.321421 seconds (0d 0h 6m 27s)

---------------  T H R E A D  ---------------

Current thread (0x00000000283a03b0):  JavaThread "C2 CompilerThread0" daemon [_thread_in_native, id=14248, stack(0x000000002b960000,0x000000002ba60000)]


Current CompileTask:
C2: 387322 35576       4       com.sun.tools.javac.code.Symtab::lookupPackage (259 bytes)

Stack: [0x000000002b960000,0x000000002ba60000]
Native frames: (J=compiled Java code, j=interpreted, Vv=VM code, C=native code)
V  [jvm.dll+0x67a04a]
V  [jvm.dll+0x7da4ed]
V  [jvm.dll+0x7dbe33]
V  [jvm.dll+0x7dc4a3]
V  [jvm.dll+0x24508f]
V  [jvm.dll+0xab773]
V  [jvm.dll+0xabd3c]
V  [jvm.dll+0x361b9f]
V  [jvm.dll+0x1ba64a]
V  [jvm.dll+0x216997]
V  [jvm.dll+0x215c6f]
V  [jvm.dll+0x1a2960]
V  [jvm.dll+0x22610b]
V  [jvm.dll+0x2242ab]
V  [jvm.dll+0x79075c]
V  [jvm.dll+0x78abea]
V  [jvm.dll+0x678f35]
C  [ucrtbase.dll+0x21bb2]
C  [KERNEL32.DLL+0x17034]
C  [ntdll.dll+0x52651]


---------------  P R O C E S S  ---------------

Threads class SMR info:
_java_thread_list=0x000000007ace0320, length=125, elements={
0x000000000320c610, 0x00000000283860e0, 0x0000000028387610, 0x0000000028396470,
0x0000000028396f40, 0x0000000028399fd0, 0x000000002839b040, 0x00000000283a03b0,
0x00000000283a40d0, 0x00000000283af5d0, 0x00000000650d4310, 0x000000006523ac30,
0x0000000067350940, 0x0000000066134eb0, 0x0000000066b80de0, 0x000000006798d030,
0x000000006798d510, 0x00000000668c4600, 0x00000000668c3be0, 0x00000000668c4b10,
0x00000000668c40f0, 0x00000000668c6460, 0x00000000668c5f50, 0x00000000668c5020,
0x00000000668c5530, 0x00000000668c6970, 0x00000000668c31c0, 0x00000000668c36d0,
0x0000000066b7ab80, 0x0000000066b7c9e0, 0x0000000066b79230, 0x0000000066b7c4d0,
0x0000000066b75570, 0x0000000066b75f90, 0x0000000066b77df0, 0x0000000066b764a0,
0x0000000066b75a80, 0x0000000066b79740, 0x0000000066b7bfc0, 0x0000000066b7b5a0,
0x0000000066b769b0, 0x0000000066b773d0, 0x0000000066b79c50, 0x0000000066b7a160,
0x0000000066b7a670, 0x0000000066b76ec0, 0x0000000066b7b090, 0x0000000066b7bab0,
0x0000000066b78300, 0x0000000066b78d20, 0x0000000065302130, 0x0000000065307230,
0x0000000065308670, 0x0000000065305df0, 0x0000000065308160, 0x0000000065303f90,
0x00000000653049b0, 0x0000000065302640, 0x00000000653053d0, 0x0000000065308b80,
0x0000000065303060, 0x0000000065303570, 0x00000000653058e0, 0x0000000065306300,
0x0000000065306810, 0x0000000065306d20, 0x0000000068a0c6b0, 0x0000000068a0cbc0,
0x0000000068a0ad60, 0x0000000068a05c60, 0x0000000068a07fd0, 0x0000000068a08f00,
0x0000000068a09920, 0x0000000068a0b270, 0x0000000068a09410, 0x0000000068a089f0,
0x0000000068a0d0d0, 0x0000000068a0bc90, 0x0000000068a084e0, 0x0000000068a0b780,
0x0000000068a06170, 0x0000000068a06680, 0x0000000068a0d5e0, 0x0000000068a06b90,
0x0000000068a070a0, 0x0000000068a075b0, 0x0000000068a0a850, 0x0000000068784200,
0x0000000068785130, 0x00000000687823a0, 0x0000000068785b50, 0x0000000066b778e0,
0x00000000668c5a40, 0x0000000071508a90, 0x0000000071507b60, 0x0000000071506720,
0x0000000071508fa0, 0x0000000079fa7680, 0x0000000079fa7170, 0x0000000079fa7b90,
0x0000000079fa2070, 0x0000000079fa2580, 0x0000000079fa99f0, 0x0000000079fa2a90,
0x0000000079fa2fa0, 0x0000000079fa3ed0, 0x0000000079fa34b0, 0x0000000079fa80a0,
0x0000000079fa43e0, 0x0000000079fa8ac0, 0x0000000079fa6750, 0x0000000079fa94e0,
0x00000000687832d0, 0x0000000068e9e2d0, 0x0000000068e9c470, 0x0000000068e9b540,
0x0000000068e9c980, 0x0000000068e9ddc0, 0x0000000068e9e7e0, 0x0000000068e9ecf0,
0x0000000071505d00, 0x0000000065301200, 0x0000000068e9b030, 0x0000000065fa49b0,
0x0000000065f9f3a0
}

Java Threads: ( => current thread )
  0x000000000320c610 JavaThread "main" [_thread_blocked, id=6096, stack(0x00000000028a0000,0x00000000029a0000)]
  0x00000000283860e0 JavaThread "Reference Handler" daemon [_thread_blocked, id=19764, stack(0x000000002b260000,0x000000002b360000)]
  0x0000000028387610 JavaThread "Finalizer" daemon [_thread_blocked, id=22792, stack(0x000000002b360000,0x000000002b460000)]
  0x0000000028396470 JavaThread "Signal Dispatcher" daemon [_thread_blocked, id=14016, stack(0x000000002b560000,0x000000002b660000)]
  0x0000000028396f40 JavaThread "Attach Listener" daemon [_thread_blocked, id=29200, stack(0x000000002b660000,0x000000002b760000)]
  0x0000000028399fd0 JavaThread "Service Thread" daemon [_thread_blocked, id=8240, stack(0x000000002b760000,0x000000002b860000)]
  0x000000002839b040 JavaThread "Monitor Deflation Thread" daemon [_thread_blocked, id=7216, stack(0x000000002b860000,0x000000002b960000)]
=>0x00000000283a03b0 JavaThread "C2 CompilerThread0" daemon [_thread_in_native, id=14248, stack(0x000000002b960000,0x000000002ba60000)]
  0x00000000283a40d0 JavaThread "C1 CompilerThread0" daemon [_thread_blocked, id=24008, stack(0x000000002ba60000,0x000000002bb60000)]
  0x00000000283af5d0 JavaThread "Sweeper thread" daemon [_thread_in_vm, id=10632, stack(0x000000002bb60000,0x000000002bc60000)]
  0x00000000650d4310 JavaThread "Common-Cleaner" daemon [_thread_blocked, id=30876, stack(0x000000002bc60000,0x000000002bd60000)]
  0x000000006523ac30 JavaThread "Notification Thread" daemon [_thread_blocked, id=21524, stack(0x000000002bd60000,0x000000002be60000)]
  0x0000000067350940 JavaThread "Daemon health stats" [_thread_blocked, id=17892, stack(0x0000000069480000,0x0000000069580000)]
  0x0000000066134eb0 JavaThread "Incoming local TCP Connector on port 54073" [_thread_in_native, id=11956, stack(0x0000000066fd0000,0x00000000670d0000)]
  0x0000000066b80de0 JavaThread "Daemon periodic checks" [_thread_blocked, id=5096, stack(0x00000000697c0000,0x00000000698c0000)]
  0x000000006798d030 JavaThread "Daemon" [_thread_blocked, id=18720, stack(0x00000000698c0000,0x00000000699c0000)]
  0x000000006798d510 JavaThread "Handler for socket connection from /127.0.0.1:54073 to /127.0.0.1:54075" [_thread_in_native, id=17044, stack(0x00000000699c0000,0x0000000069ac0000)]
  0x00000000668c4600 JavaThread "Cancel handler" [_thread_blocked, id=21668, stack(0x0000000069ac0000,0x0000000069bc0000)]
  0x00000000668c3be0 JavaThread "Daemon worker" [_thread_blocked, id=6992, stack(0x0000000069bc0000,0x0000000069cc0000)]
  0x00000000668c4b10 JavaThread "Asynchronous log dispatcher for DefaultDaemonConnection: socket connection from /127.0.0.1:54073 to /127.0.0.1:54075" [_thread_blocked, id=27740, stack(0x0000000069cc0000,0x0000000069dc0000)]
  0x00000000668c40f0 JavaThread "Stdin handler" [_thread_blocked, id=15664, stack(0x0000000069dc0000,0x0000000069ec0000)]
  0x00000000668c6460 JavaThread "Daemon client event forwarder" [_thread_blocked, id=15904, stack(0x0000000069ec0000,0x0000000069fc0000)]
  0x00000000668c5f50 JavaThread "Cache worker for journal cache (C:\Users\DELL\.gradle\caches\journal-1)" [_thread_blocked, id=28264, stack(0x000000006a3d0000,0x000000006a4d0000)]
  0x00000000668c5020 JavaThread "File lock request listener" [_thread_in_native, id=24876, stack(0x0000000069fc0000,0x000000006a0c0000)]
  0x00000000668c5530 JavaThread "Cache worker for file hash cache (C:\Users\DELL\.gradle\caches\8.7\fileHashes)" [_thread_blocked, id=16240, stack(0x0000000069580000,0x0000000069680000)]
  0x00000000668c6970 JavaThread "Cache worker for file hash cache (C:\bulksms\android\.gradle\8.7\fileHashes)" [_thread_blocked, id=11752, stack(0x000000006b600000,0x000000006b700000)]
  0x00000000668c31c0 JavaThread "File watcher server" daemon [_thread_in_native, id=16532, stack(0x000000006b4a0000,0x000000006b5a0000)]
  0x00000000668c36d0 JavaThread "File watcher consumer" daemon [_thread_in_Java, id=13132, stack(0x000000006b8a0000,0x000000006b9a0000)]
  0x0000000066b7ab80 JavaThread "Cache worker for checksums cache (C:\bulksms\android\.gradle\8.7\checksums)" [_thread_blocked, id=23900, stack(0x000000006a0c0000,0x000000006a1c0000)]
  0x0000000066b7c9e0 JavaThread "Cache worker for cache directory md-supplier (C:\Users\DELL\.gradle\caches\8.7\md-supplier)" [_thread_blocked, id=20304, stack(0x000000006a2c0000,0x000000006a3c0000)]
  0x0000000066b79230 JavaThread "Cache worker for cache directory md-rule (C:\Users\DELL\.gradle\caches\8.7\md-rule)" [_thread_blocked, id=12332, stack(0x000000006b700000,0x000000006b800000)]
  0x0000000066b7c4d0 JavaThread "Cache worker for file content cache (C:\Users\DELL\.gradle\caches\8.7\fileContent)" [_thread_blocked, id=18580, stack(0x000000006b9a0000,0x000000006baa0000)]
  0x0000000066b75570 JavaThread "jar transforms" [_thread_blocked, id=24072, stack(0x000000006bda0000,0x000000006bea0000)]
  0x0000000066b75f90 JavaThread "jar transforms Thread 2" [_thread_blocked, id=5612, stack(0x000000006bea0000,0x000000006bfa0000)]
  0x0000000066b77df0 JavaThread "jar transforms Thread 3" [_thread_blocked, id=2388, stack(0x000000006baa0000,0x000000006bba0000)]
  0x0000000066b764a0 JavaThread "jar transforms Thread 4" [_thread_blocked, id=2872, stack(0x000000006c390000,0x000000006c490000)]
  0x0000000066b75a80 JavaThread "Unconstrained build operations" [_thread_blocked, id=4352, stack(0x000000006d460000,0x000000006d560000)]
  0x0000000066b79740 JavaThread "Unconstrained build operations Thread 2" [_thread_blocked, id=15012, stack(0x000000006d560000,0x000000006d660000)]
  0x0000000066b7bfc0 JavaThread "Unconstrained build operations Thread 3" [_thread_blocked, id=26012, stack(0x000000006d660000,0x000000006d760000)]
  0x0000000066b7b5a0 JavaThread "Unconstrained build operations Thread 4" [_thread_blocked, id=22540, stack(0x000000006d760000,0x000000006d860000)]
  0x0000000066b769b0 JavaThread "Cache worker for Build Output Cleanup Cache (C:\bulksms\node_modules\@react-native\gradle-plugin\.gradle\buildOutputCleanup)" [_thread_blocked, id=7796, stack(0x000000006d860000,0x000000006d960000)]
  0x0000000066b773d0 JavaThread "Unconstrained build operations Thread 5" [_thread_blocked, id=24404, stack(0x000000006d960000,0x000000006da60000)]
  0x0000000066b79c50 JavaThread "Unconstrained build operations Thread 6" [_thread_blocked, id=10140, stack(0x000000006da60000,0x000000006db60000)]
  0x0000000066b7a160 JavaThread "Unconstrained build operations Thread 7" [_thread_blocked, id=29104, stack(0x000000006db60000,0x000000006dc60000)]
  0x0000000066b7a670 JavaThread "Unconstrained build operations Thread 8" [_thread_blocked, id=28352, stack(0x000000006dc60000,0x000000006dd60000)]
  0x0000000066b76ec0 JavaThread "Unconstrained build operations Thread 9" [_thread_blocked, id=11660, stack(0x000000006dd60000,0x000000006de60000)]
  0x0000000066b7b090 JavaThread "Unconstrained build operations Thread 10" [_thread_blocked, id=144, stack(0x000000006de60000,0x000000006df60000)]
  0x0000000066b7bab0 JavaThread "Memory manager" [_thread_blocked, id=25296, stack(0x000000006df60000,0x000000006e060000)]
  0x0000000066b78300 JavaThread "build event listener" [_thread_blocked, id=5056, stack(0x000000006e060000,0x000000006e160000)]
  0x0000000066b78d20 JavaThread "Cache worker for Build Output Cleanup Cache (C:\bulksms\android\.gradle\buildOutputCleanup)" [_thread_blocked, id=25436, stack(0x0000000000700000,0x0000000000800000)]
  0x0000000065302130 JavaThread "jar transforms Thread 5" [_thread_blocked, id=28508, stack(0x0000000000800000,0x0000000000900000)]
  0x0000000065307230 JavaThread "ForkJoinPool.commonPool-worker-1" daemon [_thread_blocked, id=22940, stack(0x000000006c1a0000,0x000000006c2a0000)]
  0x0000000065308670 JavaThread "ForkJoinPool.commonPool-worker-7" daemon [_thread_blocked, id=312, stack(0x000000006e660000,0x000000006e760000)]
  0x0000000065305df0 JavaThread "Execution worker" [_thread_blocked, id=21356, stack(0x000000006eb60000,0x000000006ec60000)]
  0x0000000065308160 JavaThread "Execution worker Thread 2" [_thread_in_vm, id=17968, stack(0x000000006ec60000,0x000000006ed60000)]
  0x0000000065303f90 JavaThread "Execution worker Thread 3" [_thread_blocked, id=14024, stack(0x000000006ed60000,0x000000006ee60000)]
  0x00000000653049b0 JavaThread "Cache worker for execution history cache (C:\bulksms\node_modules\@react-native\gradle-plugin\.gradle\8.7\executionHistory)" [_thread_blocked, id=14776, stack(0x000000006ee60000,0x000000006ef60000)]
  0x0000000065302640 JavaThread "Unconstrained build operations Thread 11" [_thread_blocked, id=13884, stack(0x000000006ef60000,0x000000006f060000)]
  0x00000000653053d0 JavaThread "Unconstrained build operations Thread 12" [_thread_blocked, id=24668, stack(0x000000006f060000,0x000000006f160000)]
  0x0000000065308b80 JavaThread "Unconstrained build operations Thread 13" [_thread_blocked, id=6140, stack(0x000000006f160000,0x000000006f260000)]
  0x0000000065303060 JavaThread "Unconstrained build operations Thread 14" [_thread_blocked, id=4468, stack(0x000000006f260000,0x000000006f360000)]
  0x0000000065303570 JavaThread "Unconstrained build operations Thread 15" [_thread_blocked, id=21824, stack(0x000000006f360000,0x000000006f460000)]
  0x00000000653058e0 JavaThread "Unconstrained build operations Thread 16" [_thread_blocked, id=30552, stack(0x000000006f460000,0x000000006f560000)]
  0x0000000065306300 JavaThread "Unconstrained build operations Thread 17" [_thread_blocked, id=24308, stack(0x000000006f560000,0x000000006f660000)]
  0x0000000065306810 JavaThread "Unconstrained build operations Thread 18" [_thread_blocked, id=7956, stack(0x000000006f660000,0x000000006f760000)]
  0x0000000065306d20 JavaThread "Unconstrained build operations Thread 19" [_thread_blocked, id=8816, stack(0x000000006f760000,0x000000006f860000)]
  0x0000000068a0c6b0 JavaThread "Unconstrained build operations Thread 20" [_thread_blocked, id=13888, stack(0x000000006f860000,0x000000006f960000)]
  0x0000000068a0cbc0 JavaThread "Unconstrained build operations Thread 21" [_thread_blocked, id=22836, stack(0x000000006f960000,0x000000006fa60000)]
  0x0000000068a0ad60 JavaThread "Unconstrained build operations Thread 22" [_thread_blocked, id=28056, stack(0x000000006fa60000,0x000000006fb60000)]
  0x0000000068a05c60 JavaThread "Unconstrained build operations Thread 23" [_thread_blocked, id=18504, stack(0x000000006fb60000,0x000000006fc60000)]
  0x0000000068a07fd0 JavaThread "Unconstrained build operations Thread 24" [_thread_blocked, id=14288, stack(0x000000006fc60000,0x000000006fd60000)]
  0x0000000068a08f00 JavaThread "Unconstrained build operations Thread 25" [_thread_blocked, id=17384, stack(0x000000006fd60000,0x000000006fe60000)]
  0x0000000068a09920 JavaThread "Unconstrained build operations Thread 26" [_thread_blocked, id=12948, stack(0x000000006fe60000,0x000000006ff60000)]
  0x0000000068a0b270 JavaThread "Unconstrained build operations Thread 27" [_thread_blocked, id=6236, stack(0x000000006ff60000,0x0000000070060000)]
  0x0000000068a09410 JavaThread "Unconstrained build operations Thread 28" [_thread_blocked, id=26640, stack(0x0000000000600000,0x0000000000700000)]
  0x0000000068a089f0 JavaThread "Unconstrained build operations Thread 29" [_thread_blocked, id=27488, stack(0x0000000070060000,0x0000000070160000)]
  0x0000000068a0d0d0 JavaThread "Unconstrained build operations Thread 30" [_thread_blocked, id=17852, stack(0x0000000070160000,0x0000000070260000)]
  0x0000000068a0bc90 JavaThread "jar transforms Thread 6" [_thread_blocked, id=18796, stack(0x0000000070360000,0x0000000070460000)]
  0x0000000068a084e0 JavaThread "jar transforms Thread 7" [_thread_blocked, id=10220, stack(0x0000000070460000,0x0000000070560000)]
  0x0000000068a0b780 JavaThread "jar transforms Thread 8" [_thread_blocked, id=19308, stack(0x0000000070560000,0x0000000070660000)]
  0x0000000068a06170 JavaThread "build event listener" [_thread_blocked, id=2536, stack(0x0000000071630000,0x0000000071730000)]
  0x0000000068a06680 JavaThread "Unconstrained build operations Thread 31" [_thread_blocked, id=28496, stack(0x0000000071730000,0x0000000071830000)]
  0x0000000068a0d5e0 JavaThread "Unconstrained build operations Thread 32" [_thread_blocked, id=22612, stack(0x0000000071830000,0x0000000071930000)]
  0x0000000068a06b90 JavaThread "Unconstrained build operations Thread 33" [_thread_blocked, id=27092, stack(0x0000000071930000,0x0000000071a30000)]
  0x0000000068a070a0 JavaThread "Unconstrained build operations Thread 34" [_thread_blocked, id=24992, stack(0x0000000071a30000,0x0000000071b30000)]
  0x0000000068a075b0 JavaThread "Unconstrained build operations Thread 35" [_thread_blocked, id=31260, stack(0x0000000071b30000,0x0000000071c30000)]
  0x0000000068a0a850 JavaThread "Unconstrained build operations Thread 36" [_thread_blocked, id=16200, stack(0x0000000071c30000,0x0000000071d30000)]
  0x0000000068784200 JavaThread "Unconstrained build operations Thread 37" [_thread_blocked, id=21184, stack(0x0000000071d30000,0x0000000071e30000)]
  0x0000000068785130 JavaThread "Unconstrained build operations Thread 38" [_thread_blocked, id=23768, stack(0x0000000071e30000,0x0000000071f30000)]
  0x00000000687823a0 JavaThread "Unconstrained build operations Thread 39" [_thread_blocked, id=12996, stack(0x0000000070260000,0x0000000070360000)]
  0x0000000068785b50 JavaThread "Unconstrained build operations Thread 40" [_thread_blocked, id=31348, stack(0x0000000077240000,0x0000000077340000)]
  0x0000000066b778e0 JavaThread "included builds Thread 2" [_thread_blocked, id=24260, stack(0x000000006ea60000,0x000000006eb60000)]
  0x00000000668c5a40 JavaThread "Cache worker for execution history cache (C:\bulksms\android\.gradle\8.7\executionHistory)" [_thread_blocked, id=1720, stack(0x0000000076fd0000,0x00000000770d0000)]
  0x0000000071508a90 JavaThread "WorkerExecutor Queue" [_thread_blocked, id=19148, stack(0x00000000770d0000,0x00000000771d0000)]
  0x0000000071507b60 JavaThread "WorkerExecutor Queue Thread 2" [_thread_blocked, id=26316, stack(0x0000000078310000,0x0000000078410000)]
  0x0000000071506720 JavaThread "WorkerExecutor Queue Thread 3" [_thread_blocked, id=22100, stack(0x0000000078410000,0x0000000078510000)]
  0x0000000071508fa0 JavaThread "Cache worker for Java compile cache (C:\Users\DELL\.gradle\caches\8.7\javaCompile)" [_thread_blocked, id=19312, stack(0x000000007a720000,0x000000007a820000)]
  0x0000000079fa7680 JavaThread "Build operations" [_thread_blocked, id=29836, stack(0x000000007abc0000,0x000000007acc0000)]
  0x0000000079fa7170 JavaThread "Build operations Thread 2" [_thread_blocked, id=7032, stack(0x000000007bfc0000,0x000000007c0c0000)]
  0x0000000079fa7b90 JavaThread "Build operations Thread 3" [_thread_blocked, id=22712, stack(0x000000007c0c0000,0x000000007c1c0000)]
  0x0000000079fa2070 JavaThread "pool-3-thread-1" [_thread_blocked, id=25864, stack(0x000000006e260000,0x000000006e360000)]
  0x0000000079fa2580 JavaThread "stderr" [_thread_in_native, id=16208, stack(0x000000006e760000,0x000000006e860000)]
  0x0000000079fa99f0 JavaThread "stdout" [_thread_in_native, id=29684, stack(0x000000006e860000,0x000000006e960000)]
  0x0000000079fa2a90 JavaThread "stderr" [_thread_in_native, id=17204, stack(0x000000006e960000,0x000000006ea60000)]
  0x0000000079fa2fa0 JavaThread "stdout" [_thread_in_native, id=28392, stack(0x000000007a820000,0x000000007a920000)]
  0x0000000079fa3ed0 JavaThread "stderr" [_thread_in_native, id=29832, stack(0x000000007a920000,0x000000007aa20000)]
  0x0000000079fa34b0 JavaThread "stdout" [_thread_in_native, id=16968, stack(0x000000007aa20000,0x000000007ab20000)]
  0x0000000079fa80a0 JavaThread "stderr" [_thread_in_native, id=11372, stack(0x000000007bcb0000,0x000000007bdb0000)]
  0x0000000079fa43e0 JavaThread "stdout" [_thread_in_native, id=29040, stack(0x000000007bdb0000,0x000000007beb0000)]
  0x0000000079fa8ac0 JavaThread "WorkerExecutor Queue Thread 5" [_thread_blocked, id=16796, stack(0x000000006c0a0000,0x000000006c1a0000)]
  0x0000000079fa6750 JavaThread "Exec process Thread 4" [_thread_in_native, id=15580, stack(0x000000006e160000,0x000000006e260000)]
  0x0000000079fa94e0 JavaThread "Exec process Thread 5" [_thread_in_native, id=18828, stack(0x000000007beb0000,0x000000007bfb0000)]
  0x00000000687832d0 JavaThread "Exec process Thread 6" [_thread_in_native, id=17668, stack(0x000000007c1c0000,0x000000007c2c0000)]
  0x0000000068e9e2d0 JavaThread "RMI Scheduler(0)" daemon [_thread_blocked, id=19288, stack(0x00000000794f0000,0x00000000795f0000)]
  0x0000000068e9c470 JavaThread "RMI GC Daemon" daemon [_thread_blocked, id=22588, stack(0x000000007c710000,0x000000007c810000)]
  0x0000000068e9b540 JavaThread "RMI TCP Accept-0" daemon [_thread_in_native, id=29984, stack(0x000000007c2c0000,0x000000007c3c0000)]
  0x0000000068e9c980 JavaThread "RMI Reaper" [_thread_blocked, id=24220, stack(0x000000007c3c0000,0x000000007c4c0000)]
  0x0000000068e9ddc0 JavaThread "RMI TCP Connection(4)-127.0.0.1" daemon [_thread_in_native, id=20488, stack(0x000000007c4c0000,0x000000007c5c0000)]
  0x0000000068e9e7e0 JavaThread "Exec process Thread 7" [_thread_in_native, id=28280, stack(0x000000007c810000,0x000000007c910000)]
  0x0000000068e9ecf0 JavaThread "Exec process Thread 8" [_thread_in_native, id=12352, stack(0x000000007c910000,0x000000007ca10000)]
  0x0000000071505d00 JavaThread "RMI RenewClean-[127.0.0.1:17046,org.jetbrains.kotlin.daemon.common.LoopbackNetworkInterface$ClientLoopbackSocketFactory@65ac98e0]" daemon [_thread_blocked, id=15044, stack(0x000000006e560000,0x000000006e660000)]
  0x0000000065301200 JavaThread "Exec process Thread 9" [_thread_in_native, id=23812, stack(0x000000007ca10000,0x000000007cb10000)]
  0x0000000068e9b030 JavaThread "Exec process Thread 10" [_thread_in_native, id=6496, stack(0x000000007cb10000,0x000000007cc10000)]
  0x0000000065fa49b0 JavaThread "Exec process Thread 11" [_thread_in_native, id=12872, stack(0x000000007cc10000,0x000000007cd10000)]
  0x0000000065f9f3a0 JavaThread "Exec process Thread 12" [_thread_in_native, id=21500, stack(0x000000007cd10000,0x000000007ce10000)]

Other Threads:
  0x0000000028380a20 VMThread "VM Thread" [stack: 0x000000002b160000,0x000000002b260000] [id=15600]
  0x000000006523b110 WatcherThread [stack: 0x000000002be60000,0x000000002bf60000] [id=14780]
  0x00000000282013b0 GCTaskThread "GC Thread#0" [stack: 0x00000000283d0000,0x00000000284d0000] [id=19548]
  0x0000000065764bc0 GCTaskThread "GC Thread#1" [stack: 0x0000000066cd0000,0x0000000066dd0000] [id=28420]
  0x0000000065739860 GCTaskThread "GC Thread#2" [stack: 0x0000000066dd0000,0x0000000066ed0000] [id=23372]
  0x0000000065a32c20 GCTaskThread "GC Thread#3" [stack: 0x0000000066ed0000,0x0000000066fd0000] [id=26996]
  0x0000000066326220 GCTaskThread "GC Thread#4" [stack: 0x0000000065c00000,0x0000000065d00000] [id=28904]
  0x00000000674a4830 GCTaskThread "GC Thread#5" [stack: 0x00000000680a0000,0x00000000681a0000] [id=3724]
  0x0000000066bfabc0 GCTaskThread "GC Thread#6" [stack: 0x00000000681a0000,0x00000000682a0000] [id=11604]
  0x00000000674c3a40 GCTaskThread "GC Thread#7" [stack: 0x00000000682a0000,0x00000000683a0000] [id=7396]
  0x0000000003270710 ConcurrentGCThread "G1 Main Marker" [stack: 0x00000000284d0000,0x00000000285d0000] [id=14380]
  0x0000000003271fe0 ConcurrentGCThread "G1 Conc#0" [stack: 0x00000000285d0000,0x00000000286d0000] [id=15804]
  0x00000000692a2820 ConcurrentGCThread "G1 Conc#1" [stack: 0x000000006a1c0000,0x000000006a2c0000] [id=21296]
  0x000000002823c060 ConcurrentGCThread "G1 Refine#0" [stack: 0x000000002af60000,0x000000002b060000] [id=29348]
  0x000000006699a310 ConcurrentGCThread "G1 Refine#1" [stack: 0x000000006bba0000,0x000000006bca0000] [id=29988]
  0x0000000068717560 ConcurrentGCThread "G1 Refine#2" [stack: 0x000000006bca0000,0x000000006bda0000] [id=30492]
  0x0000000067766cc0 ConcurrentGCThread "G1 Refine#3" [stack: 0x000000006e360000,0x000000006e460000] [id=2868]
  0x000000002823c9a0 ConcurrentGCThread "G1 Service" [stack: 0x000000002b060000,0x000000002b160000] [id=18104]

Threads with active compile tasks:
C2 CompilerThread0   387831 35576       4       com.sun.tools.javac.code.Symtab::lookupPackage (259 bytes)

VM state: not at safepoint (normal execution)

VM Mutex/Monitor currently owned by a thread: None

Heap address: 0x0000000680000000, size: 6144 MB, Compressed Oops mode: Zero based, Oop shift amount: 3

CDS archive(s) mapped at: [0x000000002c000000-0x000000002cbd0000-0x000000002cbd0000), size 12386304, SharedBaseAddress: 0x000000002c000000, ArchiveRelocationMode: 1.
Compressed class space mapped at: 0x000000002d000000-0x0000000061000000, reserved size: 872415232
Narrow klass base: 0x000000002c000000, Narrow klass shift: 0, Narrow klass range: 0x100000000

GC Precious Log:
 CPUs: 8 total, 8 available
 Memory: 8067M
 Large Page Support: Disabled
 NUMA Support: Disabled
 Compressed Oops: Enabled (Zero based)
 Heap Region Size: 4M
 Heap Min Capacity: 8M
 Heap Initial Capacity: 128M
 Heap Max Capacity: 6G
 Pre-touch: Disabled
 Parallel Workers: 8
 Concurrent Workers: 2
 Concurrent Refinement Workers: 8
 Periodic GC: Disabled

Heap:
 garbage-first heap   total 917504K, used 693559K [0x0000000680000000, 0x0000000800000000)
  region size 4096K, 74 young (303104K), 2 survivors (8192K)
 Metaspace       used 178371K, committed 181312K, reserved 1048576K
  class space    used 23245K, committed 24576K, reserved 851968K

Heap Regions: E=young(eden), S=young(survivor), O=old, HS=humongous(starts), HC=humongous(continues), CS=collection set, F=free, OA=open archive, CA=closed archive, TAMS=top-at-mark-start (previous, next)
|   0|0x0000000680000000, 0x0000000680400000, 0x0000000680400000|100%|HS|  |TAMS 0x0000000680400000, 0x0000000680000000| Complete 
|   1|0x0000000680400000, 0x0000000680800000, 0x0000000680800000|100%| O|  |TAMS 0x0000000680800000, 0x0000000680400000| Untracked 
|   2|0x0000000680800000, 0x0000000680c00000, 0x0000000680c00000|100%| O|  |TAMS 0x0000000680c00000, 0x0000000680800000| Untracked 
|   3|0x0000000680c00000, 0x0000000681000000, 0x0000000681000000|100%| O|  |TAMS 0x0000000681000000, 0x0000000680c00000| Untracked 
|   4|0x0000000681000000, 0x0000000681400000, 0x0000000681400000|100%| O|  |TAMS 0x0000000681400000, 0x0000000681000000| Untracked 
|   5|0x0000000681400000, 0x0000000681800000, 0x0000000681800000|100%| O|  |TAMS 0x0000000681800000, 0x0000000681400000| Untracked 
|   6|0x0000000681800000, 0x0000000681c00000, 0x0000000681c00000|100%| O|  |TAMS 0x0000000681c00000, 0x0000000681800000| Untracked 
|   7|0x0000000681c00000, 0x0000000682000000, 0x0000000682000000|100%| O|  |TAMS 0x0000000682000000, 0x0000000681c00000| Untracked 
|   8|0x0000000682000000, 0x0000000682400000, 0x0000000682400000|100%| O|  |TAMS 0x0000000682400000, 0x0000000682000000| Untracked 
|   9|0x0000000682400000, 0x0000000682800000, 0x0000000682800000|100%| O|  |TAMS 0x0000000682800000, 0x0000000682400000| Untracked 
|  10|0x0000000682800000, 0x0000000682c00000, 0x0000000682c00000|100%| O|  |TAMS 0x0000000682c00000, 0x0000000682800000| Untracked 
|  11|0x0000000682c00000, 0x0000000683000000, 0x0000000683000000|100%|HS|  |TAMS 0x0000000683000000, 0x0000000682c00000| Complete 
|  12|0x0000000683000000, 0x0000000683400000, 0x0000000683400000|100%| O|  |TAMS 0x0000000683400000, 0x0000000683000000| Untracked 
|  13|0x0000000683400000, 0x0000000683800000, 0x0000000683800000|100%|HS|  |TAMS 0x0000000683800000, 0x0000000683400000| Complete 
|  14|0x0000000683800000, 0x0000000683c00000, 0x0000000683c00000|100%| O|  |TAMS 0x0000000683c00000, 0x0000000683800000| Untracked 
|  15|0x0000000683c00000, 0x0000000684000000, 0x0000000684000000|100%| O|  |TAMS 0x0000000684000000, 0x0000000683c00000| Untracked 
|  16|0x0000000684000000, 0x0000000684400000, 0x0000000684400000|100%| O|  |TAMS 0x0000000684400000, 0x0000000684000000| Untracked 
|  17|0x0000000684400000, 0x0000000684800000, 0x0000000684800000|100%| O|  |TAMS 0x0000000684800000, 0x0000000684400000| Untracked 
|  18|0x0000000684800000, 0x0000000684c00000, 0x0000000684c00000|100%| O|  |TAMS 0x0000000684c00000, 0x0000000684800000| Untracked 
|  19|0x0000000684c00000, 0x0000000685000000, 0x0000000685000000|100%| O|  |TAMS 0x0000000685000000, 0x0000000684c00000| Untracked 
|  20|0x0000000685000000, 0x0000000685400000, 0x0000000685400000|100%| O|  |TAMS 0x0000000685400000, 0x0000000685000000| Untracked 
|  21|0x0000000685400000, 0x0000000685800000, 0x0000000685800000|100%| O|  |TAMS 0x0000000685800000, 0x0000000685400000| Untracked 
|  22|0x0000000685800000, 0x0000000685c00000, 0x0000000685c00000|100%| O|  |TAMS 0x0000000685c00000, 0x0000000685800000| Untracked 
|  23|0x0000000685c00000, 0x0000000686000000, 0x0000000686000000|100%| O|  |TAMS 0x0000000686000000, 0x0000000685c00000| Untracked 
|  24|0x0000000686000000, 0x0000000686400000, 0x0000000686400000|100%| O|  |TAMS 0x0000000686400000, 0x0000000686000000| Untracked 
|  25|0x0000000686400000, 0x0000000686800000, 0x0000000686800000|100%| O|  |TAMS 0x0000000686800000, 0x0000000686400000| Untracked 
|  26|0x0000000686800000, 0x0000000686c00000, 0x0000000686c00000|100%| O|  |TAMS 0x0000000686c00000, 0x0000000686800000| Untracked 
|  27|0x0000000686c00000, 0x0000000687000000, 0x0000000687000000|100%| O|  |TAMS 0x0000000687000000, 0x0000000686c00000| Untracked 
|  28|0x0000000687000000, 0x0000000687400000, 0x0000000687400000|100%| O|  |TAMS 0x0000000687400000, 0x0000000687000000| Untracked 
|  29|0x0000000687400000, 0x0000000687800000, 0x0000000687800000|100%| O|  |TAMS 0x0000000687800000, 0x0000000687400000| Untracked 
|  30|0x0000000687800000, 0x0000000687c00000, 0x0000000687c00000|100%| O|  |TAMS 0x0000000687800000, 0x0000000687800000| Untracked 
|  31|0x0000000687c00000, 0x0000000688000000, 0x0000000688000000|100%| O|  |TAMS 0x0000000688000000, 0x0000000687c00000| Untracked 
|  32|0x0000000688000000, 0x0000000688400000, 0x0000000688400000|100%| O|  |TAMS 0x0000000688400000, 0x0000000688000000| Untracked 
|  33|0x0000000688400000, 0x0000000688800000, 0x0000000688800000|100%| O|  |TAMS 0x0000000688800000, 0x0000000688400000| Untracked 
|  34|0x0000000688800000, 0x0000000688c00000, 0x0000000688c00000|100%| O|  |TAMS 0x0000000688c00000, 0x0000000688800000| Untracked 
|  35|0x0000000688c00000, 0x0000000689000000, 0x0000000689000000|100%| O|  |TAMS 0x0000000689000000, 0x0000000688c00000| Untracked 
|  36|0x0000000689000000, 0x0000000689400000, 0x0000000689400000|100%| O|  |TAMS 0x0000000689400000, 0x0000000689000000| Untracked 
|  37|0x0000000689400000, 0x0000000689800000, 0x0000000689800000|100%| O|  |TAMS 0x0000000689800000, 0x0000000689400000| Untracked 
|  38|0x0000000689800000, 0x0000000689c00000, 0x0000000689c00000|100%| O|  |TAMS 0x0000000689800000, 0x0000000689800000| Untracked 
|  39|0x0000000689c00000, 0x000000068a000000, 0x000000068a000000|100%| O|  |TAMS 0x000000068a000000, 0x0000000689c00000| Untracked 
|  40|0x000000068a000000, 0x000000068a400000, 0x000000068a400000|100%| O|  |TAMS 0x000000068a400000, 0x000000068a000000| Untracked 
|  41|0x000000068a400000, 0x000000068a800000, 0x000000068a800000|100%| O|  |TAMS 0x000000068a800000, 0x000000068a400000| Untracked 
|  42|0x000000068a800000, 0x000000068ac00000, 0x000000068ac00000|100%| O|  |TAMS 0x000000068ac00000, 0x000000068a800000| Untracked 
|  43|0x000000068ac00000, 0x000000068b000000, 0x000000068b000000|100%| O|  |TAMS 0x000000068b000000, 0x000000068ac00000| Untracked 
|  44|0x000000068b000000, 0x000000068b400000, 0x000000068b400000|100%| O|  |TAMS 0x000000068b400000, 0x000000068b000000| Untracked 
|  45|0x000000068b400000, 0x000000068b800000, 0x000000068b800000|100%| O|  |TAMS 0x000000068b800000, 0x000000068b400000| Untracked 
|  46|0x000000068b800000, 0x000000068bc00000, 0x000000068bc00000|100%| O|  |TAMS 0x000000068bc00000, 0x000000068b800000| Untracked 
|  47|0x000000068bc00000, 0x000000068c000000, 0x000000068c000000|100%| O|  |TAMS 0x000000068bc00000, 0x000000068bc00000| Untracked 
|  48|0x000000068c000000, 0x000000068c400000, 0x000000068c400000|100%| O|  |TAMS 0x000000068c400000, 0x000000068c000000| Untracked 
|  49|0x000000068c400000, 0x000000068c800000, 0x000000068c800000|100%| O|  |TAMS 0x000000068c800000, 0x000000068c400000| Untracked 
|  50|0x000000068c800000, 0x000000068cc00000, 0x000000068cc00000|100%| O|  |TAMS 0x000000068cc00000, 0x000000068c800000| Untracked 
|  51|0x000000068cc00000, 0x000000068d000000, 0x000000068d000000|100%| O|  |TAMS 0x000000068d000000, 0x000000068cc00000| Untracked 
|  52|0x000000068d000000, 0x000000068d400000, 0x000000068d400000|100%| O|  |TAMS 0x000000068d400000, 0x000000068d000000| Untracked 
|  53|0x000000068d400000, 0x000000068d800000, 0x000000068d800000|100%| O|  |TAMS 0x000000068d800000, 0x000000068d400000| Untracked 
|  54|0x000000068d800000, 0x000000068dc00000, 0x000000068dc00000|100%| O|  |TAMS 0x000000068dc00000, 0x000000068d800000| Untracked 
|  55|0x000000068dc00000, 0x000000068e000000, 0x000000068e000000|100%| O|  |TAMS 0x000000068e000000, 0x000000068dc00000| Untracked 
|  56|0x000000068e000000, 0x000000068e400000, 0x000000068e400000|100%| O|  |TAMS 0x000000068e400000, 0x000000068e000000| Untracked 
|  57|0x000000068e400000, 0x000000068e800000, 0x000000068e800000|100%| O|  |TAMS 0x000000068e800000, 0x000000068e400000| Untracked 
|  58|0x000000068e800000, 0x000000068ec00000, 0x000000068ec00000|100%| O|  |TAMS 0x000000068ec00000, 0x000000068e800000| Untracked 
|  59|0x000000068ec00000, 0x000000068f000000, 0x000000068f000000|100%| O|  |TAMS 0x000000068f000000, 0x000000068ec00000| Untracked 
|  60|0x000000068f000000, 0x000000068f400000, 0x000000068f400000|100%| O|  |TAMS 0x000000068f400000, 0x000000068f000000| Untracked 
|  61|0x000000068f400000, 0x000000068f800000, 0x000000068f800000|100%| O|  |TAMS 0x000000068f800000, 0x000000068f400000| Untracked 
|  62|0x000000068f800000, 0x000000068fc00000, 0x000000068fc00000|100%| O|  |TAMS 0x000000068fc00000, 0x000000068f800000| Untracked 
|  63|0x000000068fc00000, 0x0000000690000000, 0x0000000690000000|100%| O|  |TAMS 0x0000000690000000, 0x000000068fc00000| Untracked 
|  64|0x0000000690000000, 0x0000000690400000, 0x0000000690400000|100%| O|  |TAMS 0x0000000690400000, 0x0000000690000000| Untracked 
|  65|0x0000000690400000, 0x0000000690800000, 0x0000000690800000|100%| O|  |TAMS 0x0000000690800000, 0x0000000690400000| Untracked 
|  66|0x0000000690800000, 0x0000000690c00000, 0x0000000690c00000|100%| O|  |TAMS 0x0000000690c00000, 0x0000000690800000| Untracked 
|  67|0x0000000690c00000, 0x0000000691000000, 0x0000000691000000|100%| O|  |TAMS 0x0000000690c00000, 0x0000000690c00000| Untracked 
|  68|0x0000000691000000, 0x0000000691400000, 0x0000000691400000|100%| O|  |TAMS 0x0000000691400000, 0x0000000691000000| Untracked 
|  69|0x0000000691400000, 0x0000000691800000, 0x0000000691800000|100%| O|  |TAMS 0x0000000691400000, 0x0000000691400000| Untracked 
|  70|0x0000000691800000, 0x0000000691c00000, 0x0000000691c00000|100%| O|  |TAMS 0x0000000691c00000, 0x0000000691800000| Untracked 
|  71|0x0000000691c00000, 0x0000000692000000, 0x0000000692000000|100%| O|  |TAMS 0x0000000692000000, 0x0000000691c00000| Untracked 
|  72|0x0000000692000000, 0x0000000692400000, 0x0000000692400000|100%| O|  |TAMS 0x0000000692400000, 0x0000000692000000| Untracked 
|  73|0x0000000692400000, 0x0000000692800000, 0x0000000692800000|100%| O|  |TAMS 0x0000000692800000, 0x0000000692400000| Untracked 
|  74|0x0000000692800000, 0x0000000692c00000, 0x0000000692c00000|100%| O|  |TAMS 0x0000000692c00000, 0x0000000692800000| Untracked 
|  75|0x0000000692c00000, 0x0000000693000000, 0x0000000693000000|100%| O|  |TAMS 0x0000000693000000, 0x0000000692c00000| Untracked 
|  76|0x0000000693000000, 0x0000000693400000, 0x0000000693400000|100%| O|  |TAMS 0x0000000693000000, 0x0000000693000000| Untracked 
|  77|0x0000000693400000, 0x0000000693800000, 0x0000000693800000|100%| O|  |TAMS 0x0000000693800000, 0x0000000693400000| Untracked 
|  78|0x0000000693800000, 0x0000000693c00000, 0x0000000693c00000|100%| O|  |TAMS 0x0000000693800000, 0x0000000693800000| Untracked 
|  79|0x0000000693c00000, 0x0000000694000000, 0x0000000694000000|100%| O|  |TAMS 0x0000000694000000, 0x0000000693c00000| Untracked 
|  80|0x0000000694000000, 0x0000000694400000, 0x0000000694400000|100%| O|  |TAMS 0x0000000694400000, 0x0000000694000000| Untracked 
|  81|0x0000000694400000, 0x0000000694800000, 0x0000000694800000|100%| O|  |TAMS 0x0000000694800000, 0x0000000694400000| Untracked 
|  82|0x0000000694800000, 0x0000000694c00000, 0x0000000694c00000|100%| O|  |TAMS 0x0000000694c00000, 0x0000000694800000| Untracked 
|  83|0x0000000694c00000, 0x0000000695000000, 0x0000000695000000|100%| O|  |TAMS 0x0000000695000000, 0x0000000694c00000| Untracked 
|  84|0x0000000695000000, 0x0000000695400000, 0x0000000695400000|100%| O|  |TAMS 0x0000000695400000, 0x0000000695000000| Untracked 
|  85|0x0000000695400000, 0x0000000695800000, 0x0000000695800000|100%| O|  |TAMS 0x0000000695800000, 0x0000000695400000| Untracked 
|  86|0x0000000695800000, 0x0000000695c00000, 0x0000000695c00000|100%| O|  |TAMS 0x0000000695800000, 0x0000000695800000| Untracked 
|  87|0x0000000695c00000, 0x0000000696000000, 0x0000000696000000|100%| O|  |TAMS 0x0000000695c00000, 0x0000000695c00000| Untracked 
|  88|0x0000000696000000, 0x0000000696400000, 0x0000000696400000|100%| O|  |TAMS 0x0000000696000000, 0x0000000696000000| Untracked 
|  89|0x0000000696400000, 0x0000000696800000, 0x0000000696800000|100%| O|  |TAMS 0x0000000696400000, 0x0000000696400000| Untracked 
|  90|0x0000000696800000, 0x0000000696c00000, 0x0000000696c00000|100%| O|  |TAMS 0x0000000696800000, 0x0000000696800000| Untracked 
|  91|0x0000000696c00000, 0x0000000697000000, 0x0000000697000000|100%| O|  |TAMS 0x0000000696c00000, 0x0000000696c00000| Untracked 
|  92|0x0000000697000000, 0x0000000697400000, 0x0000000697400000|100%| O|  |TAMS 0x0000000697000000, 0x0000000697000000| Untracked 
|  93|0x0000000697400000, 0x0000000697800000, 0x0000000697800000|100%| O|  |TAMS 0x0000000697400000, 0x0000000697400000| Untracked 
|  94|0x0000000697800000, 0x0000000697c00000, 0x0000000697c00000|100%| O|  |TAMS 0x0000000697800000, 0x0000000697800000| Untracked 
|  95|0x0000000697c00000, 0x0000000698000000, 0x0000000698000000|100%| O|  |TAMS 0x0000000697c00000, 0x0000000697c00000| Untracked 
|  96|0x0000000698000000, 0x0000000698400000, 0x0000000698400000|100%| O|  |TAMS 0x0000000698000000, 0x0000000698000000| Untracked 
|  97|0x0000000698400000, 0x0000000698652200, 0x0000000698800000| 58%| O|  |TAMS 0x0000000698400000, 0x0000000698400000| Untracked 
|  98|0x0000000698800000, 0x0000000698800000, 0x0000000698c00000|  0%| F|  |TAMS 0x0000000698800000, 0x0000000698800000| Untracked 
|  99|0x0000000698c00000, 0x0000000698c00000, 0x0000000699000000|  0%| F|  |TAMS 0x0000000698c00000, 0x0000000698c00000| Untracked 
| 100|0x0000000699000000, 0x0000000699000000, 0x0000000699400000|  0%| F|  |TAMS 0x0000000699000000, 0x0000000699000000| Untracked 
| 101|0x0000000699400000, 0x0000000699400000, 0x0000000699800000|  0%| F|  |TAMS 0x0000000699400000, 0x0000000699400000| Untracked 
| 102|0x0000000699800000, 0x0000000699800000, 0x0000000699c00000|  0%| F|  |TAMS 0x0000000699800000, 0x0000000699800000| Untracked 
| 103|0x0000000699c00000, 0x0000000699c00000, 0x000000069a000000|  0%| F|  |TAMS 0x0000000699c00000, 0x0000000699c00000| Untracked 
| 104|0x000000069a000000, 0x000000069a000000, 0x000000069a400000|  0%| F|  |TAMS 0x000000069a000000, 0x000000069a000000| Untracked 
| 105|0x000000069a400000, 0x000000069a400000, 0x000000069a800000|  0%| F|  |TAMS 0x000000069a400000, 0x000000069a400000| Untracked 
| 106|0x000000069a800000, 0x000000069a800000, 0x000000069ac00000|  0%| F|  |TAMS 0x000000069a800000, 0x000000069a800000| Untracked 
| 107|0x000000069ac00000, 0x000000069ac00000, 0x000000069b000000|  0%| F|  |TAMS 0x000000069ac00000, 0x000000069ac00000| Untracked 
| 108|0x000000069b000000, 0x000000069b000000, 0x000000069b400000|  0%| F|  |TAMS 0x000000069b000000, 0x000000069b000000| Untracked 
| 109|0x000000069b400000, 0x000000069b400000, 0x000000069b800000|  0%| F|  |TAMS 0x000000069b400000, 0x000000069b400000| Untracked 
| 110|0x000000069b800000, 0x000000069b800000, 0x000000069bc00000|  0%| F|  |TAMS 0x000000069b800000, 0x000000069b800000| Untracked 
| 111|0x000000069bc00000, 0x000000069bc00000, 0x000000069c000000|  0%| F|  |TAMS 0x000000069bc00000, 0x000000069bc00000| Untracked 
| 112|0x000000069c000000, 0x000000069c000000, 0x000000069c400000|  0%| F|  |TAMS 0x000000069c000000, 0x000000069c000000| Untracked 
| 113|0x000000069c400000, 0x000000069c400000, 0x000000069c800000|  0%| F|  |TAMS 0x000000069c400000, 0x000000069c400000| Untracked 
| 114|0x000000069c800000, 0x000000069c800000, 0x000000069cc00000|  0%| F|  |TAMS 0x000000069c800000, 0x000000069c800000| Untracked 
| 115|0x000000069cc00000, 0x000000069cc00000, 0x000000069d000000|  0%| F|  |TAMS 0x000000069cc00000, 0x000000069cc00000| Untracked 
| 116|0x000000069d000000, 0x000000069d000000, 0x000000069d400000|  0%| F|  |TAMS 0x000000069d000000, 0x000000069d000000| Untracked 
| 117|0x000000069d400000, 0x000000069d400000, 0x000000069d800000|  0%| F|  |TAMS 0x000000069d400000, 0x000000069d400000| Untracked 
| 118|0x000000069d800000, 0x000000069d800000, 0x000000069dc00000|  0%| F|  |TAMS 0x000000069d800000, 0x000000069d800000| Untracked 
| 119|0x000000069dc00000, 0x000000069dc00000, 0x000000069e000000|  0%| F|  |TAMS 0x000000069dc00000, 0x000000069dc00000| Untracked 
| 120|0x000000069e000000, 0x000000069e000000, 0x000000069e400000|  0%| F|  |TAMS 0x000000069e000000, 0x000000069e000000| Untracked 
| 121|0x000000069e400000, 0x000000069e400000, 0x000000069e800000|  0%| F|  |TAMS 0x000000069e400000, 0x000000069e400000| Untracked 
| 122|0x000000069e800000, 0x000000069e800000, 0x000000069ec00000|  0%| F|  |TAMS 0x000000069e800000, 0x000000069e800000| Untracked 
| 123|0x000000069ec00000, 0x000000069ec00000, 0x000000069f000000|  0%| F|  |TAMS 0x000000069ec00000, 0x000000069ec00000| Untracked 
| 124|0x000000069f000000, 0x000000069f000000, 0x000000069f400000|  0%| F|  |TAMS 0x000000069f000000, 0x000000069f000000| Untracked 
| 125|0x000000069f400000, 0x000000069f400000, 0x000000069f800000|  0%| F|  |TAMS 0x000000069f400000, 0x000000069f400000| Untracked 
| 126|0x000000069f800000, 0x000000069f800000, 0x000000069fc00000|  0%| F|  |TAMS 0x000000069f800000, 0x000000069f800000| Untracked 
| 127|0x000000069fc00000, 0x000000069fc00000, 0x00000006a0000000|  0%| F|  |TAMS 0x000000069fc00000, 0x000000069fc00000| Untracked 
| 128|0x00000006a0000000, 0x00000006a0000000, 0x00000006a0400000|  0%| F|  |TAMS 0x00000006a0000000, 0x00000006a0000000| Untracked 
| 129|0x00000006a0400000, 0x00000006a0400000, 0x00000006a0800000|  0%| F|  |TAMS 0x00000006a0400000, 0x00000006a0400000| Untracked 
| 130|0x00000006a0800000, 0x00000006a0800000, 0x00000006a0c00000|  0%| F|  |TAMS 0x00000006a0800000, 0x00000006a0800000| Untracked 
| 131|0x00000006a0c00000, 0x00000006a0c00000, 0x00000006a1000000|  0%| F|  |TAMS 0x00000006a0c00000, 0x00000006a0c00000| Untracked 
| 132|0x00000006a1000000, 0x00000006a1000000, 0x00000006a1400000|  0%| F|  |TAMS 0x00000006a1000000, 0x00000006a1000000| Untracked 
| 133|0x00000006a1400000, 0x00000006a1400000, 0x00000006a1800000|  0%| F|  |TAMS 0x00000006a1400000, 0x00000006a1400000| Untracked 
| 134|0x00000006a1800000, 0x00000006a1800000, 0x00000006a1c00000|  0%| F|  |TAMS 0x00000006a1800000, 0x00000006a1800000| Untracked 
| 135|0x00000006a1c00000, 0x00000006a1c00000, 0x00000006a2000000|  0%| F|  |TAMS 0x00000006a1c00000, 0x00000006a1c00000| Untracked 
| 136|0x00000006a2000000, 0x00000006a2000000, 0x00000006a2400000|  0%| F|  |TAMS 0x00000006a2000000, 0x00000006a2000000| Untracked 
| 137|0x00000006a2400000, 0x00000006a2400000, 0x00000006a2800000|  0%| F|  |TAMS 0x00000006a2400000, 0x00000006a2400000| Untracked 
| 138|0x00000006a2800000, 0x00000006a2800000, 0x00000006a2c00000|  0%| F|  |TAMS 0x00000006a2800000, 0x00000006a2800000| Untracked 
| 139|0x00000006a2c00000, 0x00000006a2c00000, 0x00000006a3000000|  0%| F|  |TAMS 0x00000006a2c00000, 0x00000006a2c00000| Untracked 
| 140|0x00000006a3000000, 0x00000006a3000000, 0x00000006a3400000|  0%| F|  |TAMS 0x00000006a3000000, 0x00000006a3000000| Untracked 
| 141|0x00000006a3400000, 0x00000006a3400000, 0x00000006a3800000|  0%| F|  |TAMS 0x00000006a3400000, 0x00000006a3400000| Untracked 
| 142|0x00000006a3800000, 0x00000006a3800000, 0x00000006a3c00000|  0%| F|  |TAMS 0x00000006a3800000, 0x00000006a3800000| Untracked 
| 143|0x00000006a3c00000, 0x00000006a3c00000, 0x00000006a4000000|  0%| F|  |TAMS 0x00000006a3c00000, 0x00000006a3c00000| Untracked 
| 144|0x00000006a4000000, 0x00000006a4000000, 0x00000006a4400000|  0%| F|  |TAMS 0x00000006a4000000, 0x00000006a4000000| Untracked 
| 145|0x00000006a4400000, 0x00000006a4400000, 0x00000006a4800000|  0%| F|  |TAMS 0x00000006a4400000, 0x00000006a4400000| Untracked 
| 146|0x00000006a4800000, 0x00000006a4800000, 0x00000006a4c00000|  0%| F|  |TAMS 0x00000006a4800000, 0x00000006a4800000| Untracked 
| 147|0x00000006a4c00000, 0x00000006a4c00000, 0x00000006a5000000|  0%| F|  |TAMS 0x00000006a4c00000, 0x00000006a4c00000| Untracked 
| 148|0x00000006a5000000, 0x00000006a5000000, 0x00000006a5400000|  0%| F|  |TAMS 0x00000006a5000000, 0x00000006a5000000| Untracked 
| 149|0x00000006a5400000, 0x00000006a5400000, 0x00000006a5800000|  0%| F|  |TAMS 0x00000006a5400000, 0x00000006a5400000| Untracked 
| 150|0x00000006a5800000, 0x00000006a5a2c9b0, 0x00000006a5c00000| 54%| E|  |TAMS 0x00000006a5800000, 0x00000006a5800000| Complete 
| 151|0x00000006a5c00000, 0x00000006a6000000, 0x00000006a6000000|100%| E|CS|TAMS 0x00000006a5c00000, 0x00000006a5c00000| Complete 
| 152|0x00000006a6000000, 0x00000006a6400000, 0x00000006a6400000|100%| E|CS|TAMS 0x00000006a6000000, 0x00000006a6000000| Complete 
| 153|0x00000006a6400000, 0x00000006a6800000, 0x00000006a6800000|100%| E|CS|TAMS 0x00000006a6400000, 0x00000006a6400000| Complete 
| 154|0x00000006a6800000, 0x00000006a6c00000, 0x00000006a6c00000|100%| E|CS|TAMS 0x00000006a6800000, 0x00000006a6800000| Complete 
| 155|0x00000006a6c00000, 0x00000006a7000000, 0x00000006a7000000|100%| E|CS|TAMS 0x00000006a6c00000, 0x00000006a6c00000| Complete 
| 156|0x00000006a7000000, 0x00000006a7400000, 0x00000006a7400000|100%| E|CS|TAMS 0x00000006a7000000, 0x00000006a7000000| Complete 
| 157|0x00000006a7400000, 0x00000006a7800000, 0x00000006a7800000|100%| E|CS|TAMS 0x00000006a7400000, 0x00000006a7400000| Complete 
| 158|0x00000006a7800000, 0x00000006a7c00000, 0x00000006a7c00000|100%| E|CS|TAMS 0x00000006a7800000, 0x00000006a7800000| Complete 
| 159|0x00000006a7c00000, 0x00000006a8000000, 0x00000006a8000000|100%| E|CS|TAMS 0x00000006a7c00000, 0x00000006a7c00000| Complete 
| 160|0x00000006a8000000, 0x00000006a8400000, 0x00000006a8400000|100%| E|CS|TAMS 0x00000006a8000000, 0x00000006a8000000| Complete 
| 161|0x00000006a8400000, 0x00000006a8800000, 0x00000006a8800000|100%| E|CS|TAMS 0x00000006a8400000, 0x00000006a8400000| Complete 
| 162|0x00000006a8800000, 0x00000006a8c00000, 0x00000006a8c00000|100%| E|CS|TAMS 0x00000006a8800000, 0x00000006a8800000| Complete 
| 163|0x00000006a8c00000, 0x00000006a9000000, 0x00000006a9000000|100%| E|  |TAMS 0x00000006a8c00000, 0x00000006a8c00000| Complete 
| 164|0x00000006a9000000, 0x00000006a9400000, 0x00000006a9400000|100%| E|CS|TAMS 0x00000006a9000000, 0x00000006a9000000| Complete 
| 165|0x00000006a9400000, 0x00000006a9800000, 0x00000006a9800000|100%| E|CS|TAMS 0x00000006a9400000, 0x00000006a9400000| Complete 
| 166|0x00000006a9800000, 0x00000006a9c00000, 0x00000006a9c00000|100%| E|CS|TAMS 0x00000006a9800000, 0x00000006a9800000| Complete 
| 167|0x00000006a9c00000, 0x00000006aa000000, 0x00000006aa000000|100%| E|CS|TAMS 0x00000006a9c00000, 0x00000006a9c00000| Complete 
| 168|0x00000006aa000000, 0x00000006aa400000, 0x00000006aa400000|100%| E|CS|TAMS 0x00000006aa000000, 0x00000006aa000000| Complete 
| 169|0x00000006aa400000, 0x00000006aa800000, 0x00000006aa800000|100%| E|CS|TAMS 0x00000006aa400000, 0x00000006aa400000| Complete 
| 170|0x00000006aa800000, 0x00000006aac00000, 0x00000006aac00000|100%| E|CS|TAMS 0x00000006aa800000, 0x00000006aa800000| Complete 
| 171|0x00000006aac00000, 0x00000006ab000000, 0x00000006ab000000|100%| E|CS|TAMS 0x00000006aac00000, 0x00000006aac00000| Complete 
| 172|0x00000006ab000000, 0x00000006ab400000, 0x00000006ab400000|100%| E|CS|TAMS 0x00000006ab000000, 0x00000006ab000000| Complete 
| 173|0x00000006ab400000, 0x00000006ab800000, 0x00000006ab800000|100%| E|CS|TAMS 0x00000006ab400000, 0x00000006ab400000| Complete 
| 174|0x00000006ab800000, 0x00000006abc00000, 0x00000006abc00000|100%| E|CS|TAMS 0x00000006ab800000, 0x00000006ab800000| Complete 
| 175|0x00000006abc00000, 0x00000006ac000000, 0x00000006ac000000|100%| E|CS|TAMS 0x00000006abc00000, 0x00000006abc00000| Complete 
| 176|0x00000006ac000000, 0x00000006ac400000, 0x00000006ac400000|100%| E|CS|TAMS 0x00000006ac000000, 0x00000006ac000000| Complete 
| 177|0x00000006ac400000, 0x00000006ac800000, 0x00000006ac800000|100%| E|CS|TAMS 0x00000006ac400000, 0x00000006ac400000| Complete 
| 178|0x00000006ac800000, 0x00000006acc00000, 0x00000006acc00000|100%| E|CS|TAMS 0x00000006ac800000, 0x00000006ac800000| Complete 
| 179|0x00000006acc00000, 0x00000006ad000000, 0x00000006ad000000|100%| E|CS|TAMS 0x00000006acc00000, 0x00000006acc00000| Complete 
| 180|0x00000006ad000000, 0x00000006ad400000, 0x00000006ad400000|100%| E|CS|TAMS 0x00000006ad000000, 0x00000006ad000000| Complete 
| 181|0x00000006ad400000, 0x00000006ad800000, 0x00000006ad800000|100%| E|CS|TAMS 0x00000006ad400000, 0x00000006ad400000| Complete 
| 182|0x00000006ad800000, 0x00000006adc00000, 0x00000006adc00000|100%| E|CS|TAMS 0x00000006ad800000, 0x00000006ad800000| Complete 
| 183|0x00000006adc00000, 0x00000006ae000000, 0x00000006ae000000|100%| E|CS|TAMS 0x00000006adc00000, 0x00000006adc00000| Complete 
| 184|0x00000006ae000000, 0x00000006ae400000, 0x00000006ae400000|100%| E|CS|TAMS 0x00000006ae000000, 0x00000006ae000000| Complete 
| 185|0x00000006ae400000, 0x00000006ae800000, 0x00000006ae800000|100%| E|CS|TAMS 0x00000006ae400000, 0x00000006ae400000| Complete 
| 186|0x00000006ae800000, 0x00000006aec00000, 0x00000006aec00000|100%| E|CS|TAMS 0x00000006ae800000, 0x00000006ae800000| Complete 
| 187|0x00000006aec00000, 0x00000006af000000, 0x00000006af000000|100%| E|CS|TAMS 0x00000006aec00000, 0x00000006aec00000| Complete 
| 188|0x00000006af000000, 0x00000006af400000, 0x00000006af400000|100%| E|CS|TAMS 0x00000006af000000, 0x00000006af000000| Complete 
| 189|0x00000006af400000, 0x00000006af800000, 0x00000006af800000|100%| E|CS|TAMS 0x00000006af400000, 0x00000006af400000| Complete 
| 190|0x00000006af800000, 0x00000006afc00000, 0x00000006afc00000|100%| E|CS|TAMS 0x00000006af800000, 0x00000006af800000| Complete 
| 191|0x00000006afc00000, 0x00000006b0000000, 0x00000006b0000000|100%| E|CS|TAMS 0x00000006afc00000, 0x00000006afc00000| Complete 
| 192|0x00000006b0000000, 0x00000006b0400000, 0x00000006b0400000|100%| E|CS|TAMS 0x00000006b0000000, 0x00000006b0000000| Complete 
| 193|0x00000006b0400000, 0x00000006b0800000, 0x00000006b0800000|100%| E|CS|TAMS 0x00000006b0400000, 0x00000006b0400000| Complete 
| 194|0x00000006b0800000, 0x00000006b0c00000, 0x00000006b0c00000|100%| E|CS|TAMS 0x00000006b0800000, 0x00000006b0800000| Complete 
| 195|0x00000006b0c00000, 0x00000006b1000000, 0x00000006b1000000|100%| E|CS|TAMS 0x00000006b0c00000, 0x00000006b0c00000| Complete 
| 196|0x00000006b1000000, 0x00000006b1400000, 0x00000006b1400000|100%| E|CS|TAMS 0x00000006b1000000, 0x00000006b1000000| Complete 
| 197|0x00000006b1400000, 0x00000006b1800000, 0x00000006b1800000|100%| E|CS|TAMS 0x00000006b1400000, 0x00000006b1400000| Complete 
| 198|0x00000006b1800000, 0x00000006b1c00000, 0x00000006b1c00000|100%| E|CS|TAMS 0x00000006b1800000, 0x00000006b1800000| Complete 
| 199|0x00000006b1c00000, 0x00000006b2000000, 0x00000006b2000000|100%| E|CS|TAMS 0x00000006b1c00000, 0x00000006b1c00000| Complete 
| 200|0x00000006b2000000, 0x00000006b2400000, 0x00000006b2400000|100%| E|CS|TAMS 0x00000006b2000000, 0x00000006b2000000| Complete 
| 201|0x00000006b2400000, 0x00000006b2800000, 0x00000006b2800000|100%| E|CS|TAMS 0x00000006b2400000, 0x00000006b2400000| Complete 
| 202|0x00000006b2800000, 0x00000006b2c00000, 0x00000006b2c00000|100%| E|CS|TAMS 0x00000006b2800000, 0x00000006b2800000| Complete 
| 203|0x00000006b2c00000, 0x00000006b3000000, 0x00000006b3000000|100%| E|CS|TAMS 0x00000006b2c00000, 0x00000006b2c00000| Complete 
| 204|0x00000006b3000000, 0x00000006b3400000, 0x00000006b3400000|100%| E|CS|TAMS 0x00000006b3000000, 0x00000006b3000000| Complete 
| 205|0x00000006b3400000, 0x00000006b3800000, 0x00000006b3800000|100%| E|CS|TAMS 0x00000006b3400000, 0x00000006b3400000| Complete 
| 206|0x00000006b3800000, 0x00000006b3c00000, 0x00000006b3c00000|100%| E|CS|TAMS 0x00000006b3800000, 0x00000006b3800000| Complete 
| 207|0x00000006b3c00000, 0x00000006b4000000, 0x00000006b4000000|100%| E|CS|TAMS 0x00000006b3c00000, 0x00000006b3c00000| Complete 
| 208|0x00000006b4000000, 0x00000006b42fbbc0, 0x00000006b4400000| 74%| S|CS|TAMS 0x00000006b4000000, 0x00000006b4000000| Complete 
| 209|0x00000006b4400000, 0x00000006b4800000, 0x00000006b4800000|100%| S|CS|TAMS 0x00000006b4400000, 0x00000006b4400000| Complete 
| 210|0x00000006b4800000, 0x00000006b4c00000, 0x00000006b4c00000|100%| E|CS|TAMS 0x00000006b4800000, 0x00000006b4800000| Complete 
| 211|0x00000006b4c00000, 0x00000006b5000000, 0x00000006b5000000|100%| E|CS|TAMS 0x00000006b4c00000, 0x00000006b4c00000| Complete 
| 212|0x00000006b5000000, 0x00000006b5400000, 0x00000006b5400000|100%| E|CS|TAMS 0x00000006b5000000, 0x00000006b5000000| Complete 
| 213|0x00000006b5400000, 0x00000006b5800000, 0x00000006b5800000|100%| E|CS|TAMS 0x00000006b5400000, 0x00000006b5400000| Complete 
| 214|0x00000006b5800000, 0x00000006b5c00000, 0x00000006b5c00000|100%| E|CS|TAMS 0x00000006b5800000, 0x00000006b5800000| Complete 
| 215|0x00000006b5c00000, 0x00000006b6000000, 0x00000006b6000000|100%| E|CS|TAMS 0x00000006b5c00000, 0x00000006b5c00000| Complete 
| 216|0x00000006b6000000, 0x00000006b6400000, 0x00000006b6400000|100%| E|CS|TAMS 0x00000006b6000000, 0x00000006b6000000| Complete 
| 217|0x00000006b6400000, 0x00000006b6800000, 0x00000006b6800000|100%| E|CS|TAMS 0x00000006b6400000, 0x00000006b6400000| Complete 
| 218|0x00000006b6800000, 0x00000006b6c00000, 0x00000006b6c00000|100%| E|CS|TAMS 0x00000006b6800000, 0x00000006b6800000| Complete 
| 219|0x00000006b6c00000, 0x00000006b7000000, 0x00000006b7000000|100%| E|CS|TAMS 0x00000006b6c00000, 0x00000006b6c00000| Complete 
| 220|0x00000006b7000000, 0x00000006b7400000, 0x00000006b7400000|100%| E|CS|TAMS 0x00000006b7000000, 0x00000006b7000000| Complete 
| 221|0x00000006b7400000, 0x00000006b7800000, 0x00000006b7800000|100%| E|CS|TAMS 0x00000006b7400000, 0x00000006b7400000| Complete 
| 222|0x00000006b7800000, 0x00000006b7c00000, 0x00000006b7c00000|100%| E|CS|TAMS 0x00000006b7800000, 0x00000006b7800000| Complete 
| 223|0x00000006b7c00000, 0x00000006b8000000, 0x00000006b8000000|100%| E|CS|TAMS 0x00000006b7c00000, 0x00000006b7c00000| Complete 

Card table byte_map: [0x000000001a9d0000,0x000000001b5d0000] _byte_map_base: 0x00000000175d0000

Marking Bits (Prev, Next): (CMBitMap*) 0x00000000282018e0, (CMBitMap*) 0x0000000028201920
 Prev Bits: [0x000000001c1d0000, 0x00000000221d0000)
 Next Bits: [0x00000000221d0000, 0x00000000281d0000)

Polling page: 0x00000000029a0000

Metaspace:

Usage:
  Non-class:    151.49 MB used.
      Class:     22.70 MB used.
       Both:    174.19 MB used.

Virtual space:
  Non-class space:      192.00 MB reserved,     153.06 MB ( 80%) committed,  3 nodes.
      Class space:      832.00 MB reserved,      24.00 MB (  3%) committed,  1 nodes.
             Both:        1.00 GB reserved,     177.06 MB ( 17%) committed. 

Chunk freelists:
   Non-Class:  6.03 MB
       Class:  7.93 MB
        Both:  13.96 MB

MaxMetaspaceSize: 1.00 GB
CompressedClassSpaceSize: 832.00 MB
Initial GC threshold: 21.00 MB
Current GC threshold: 218.69 MB
CDS: on
MetaspaceReclaimPolicy: balanced
 - commit_granule_bytes: 65536.
 - commit_granule_words: 8192.
 - virtual_space_node_default_size: 8388608.
 - enlarge_chunks_in_place: 1.
 - new_chunks_are_fully_committed: 0.
 - uncommit_free_chunks: 1.
 - use_allocation_guard: 0.
 - handle_deallocations: 1.


Internal statistics:

num_allocs_failed_limit: 12.
num_arena_births: 3974.
num_arena_deaths: 6.
num_vsnodes_births: 4.
num_vsnodes_deaths: 0.
num_space_committed: 2831.
num_space_uncommitted: 0.
num_chunks_returned_to_freelist: 27.
num_chunks_taken_from_freelist: 12372.
num_chunk_merges: 13.
num_chunk_splits: 7648.
num_chunks_enlarged: 4314.
num_inconsistent_stats: 0.

CodeHeap 'non-profiled nmethods': size=120000Kb used=18423Kb max_used=18451Kb free=101576Kb
 bounds [0x0000000012560000, 0x0000000013770000, 0x0000000019a90000]
CodeHeap 'profiled nmethods': size=120000Kb used=54185Kb max_used=54185Kb free=65814Kb
 bounds [0x000000000aa90000, 0x000000000df80000, 0x0000000011fc0000]
CodeHeap 'non-nmethods': size=5760Kb used=2583Kb max_used=2666Kb free=3176Kb
 bounds [0x0000000011fc0000, 0x0000000012280000, 0x0000000012560000]
 total_blobs=29051 nmethods=27908 adapters=1053
 compilation: enabled
              stopped_count=0, restarted_count=0
 full_count=0

Compilation events (20 events):
Event: 386.628 Thread 0x00000000283a40d0 35623       2       jdk.internal.jimage.ImageReader$SharedImageReader$$Lambda$3244/0x000000002e80fd68::visit (13 bytes)
Event: 386.628 Thread 0x00000000283a40d0 nmethod 35623 0x000000000df77010 code [0x000000000df771a0, 0x000000000df772e8]
Event: 386.628 Thread 0x00000000283a40d0 35624       2       jdk.internal.jimage.ImageReader$SharedImageReader::lambda$handleModulesSubTree$1 (43 bytes)
Event: 386.630 Thread 0x00000000283a40d0 nmethod 35624 0x000000000df77390 code [0x000000000df775a0, 0x000000000df77858]
Event: 386.630 Thread 0x00000000283a40d0 35625       2       jdk.internal.jimage.ImageLocation::getFullName (6 bytes)
Event: 386.630 Thread 0x00000000283a40d0 nmethod 35625 0x000000000df77a90 code [0x000000000df77c20, 0x000000000df77d48]
Event: 386.630 Thread 0x00000000283a40d0 35626       2       jdk.internal.jimage.ImageLocation::readFrom (26 bytes)
Event: 386.632 Thread 0x00000000283a40d0 nmethod 35626 0x000000000df77e10 code [0x000000000df78000, 0x000000000df78568]
Event: 386.632 Thread 0x00000000283a40d0 35627       2       jdk.internal.jimage.ImageReader$Resource::<init> (16 bytes)
Event: 386.633 Thread 0x00000000283a40d0 nmethod 35627 0x000000000df78810 code [0x000000000df789e0, 0x000000000df78e28]
Event: 386.677 Thread 0x00000000283a40d0 35628       2       jdk.internal.jimage.ImageLocation::buildName (128 bytes)
Event: 386.679 Thread 0x00000000283a40d0 nmethod 35628 0x000000000df79010 code [0x000000000df79280, 0x000000000df79718]
Event: 386.679 Thread 0x00000000283a40d0 35629       2       jdk.internal.jimage.ImageReader$Resource::create (17 bytes)
Event: 386.680 Thread 0x00000000283a40d0 nmethod 35629 0x000000000df79a90 code [0x000000000df79c80, 0x000000000df7a178]
Event: 386.684 Thread 0x00000000283a40d0 35631       2       com.sun.tools.javac.code.Type$DelegatedType::getThrownTypes (8 bytes)
Event: 386.684 Thread 0x00000000283a40d0 nmethod 35631 0x000000000df7a410 code [0x000000000df7a5a0, 0x000000000df7a6c8]
Event: 386.684 Thread 0x00000000283a40d0 35632       2       com.sun.tools.javac.code.Type$ForAll::asMethodType (8 bytes)
Event: 386.687 Thread 0x00000000283a40d0 nmethod 35632 0x000000000df7a790 code [0x000000000df7a920, 0x000000000df7aa78]
Event: 386.700 Thread 0x00000000283a40d0 35634       2       com.sun.tools.javac.code.Symbol::isSealed (19 bytes)
Event: 386.701 Thread 0x00000000283a40d0 nmethod 35634 0x000000000df7ab10 code [0x000000000df7aca0, 0x000000000df7add8]

GC Heap History (20 events):
Event: 157.130 GC heap before
{Heap before GC invocations=79 (full 0):
 garbage-first heap   total 634880K, used 493945K [0x0000000680000000, 0x0000000800000000)
  region size 4096K, 38 young (155648K), 1 survivors (4096K)
 Metaspace       used 131864K, committed 134208K, reserved 983040K
  class space    used 18260K, committed 19328K, reserved 851968K
}
Event: 157.149 GC heap after
{Heap after GC invocations=80 (full 0):
 garbage-first heap   total 634880K, used 351404K [0x0000000680000000, 0x0000000800000000)
  region size 4096K, 3 young (12288K), 3 survivors (12288K)
 Metaspace       used 131864K, committed 134208K, reserved 983040K
  class space    used 18260K, committed 19328K, reserved 851968K
}
Event: 161.562 GC heap before
{Heap before GC invocations=81 (full 0):
 garbage-first heap   total 675840K, used 500417K [0x0000000680000000, 0x0000000800000000)
  region size 4096K, 41 young (167936K), 3 survivors (12288K)
 Metaspace       used 132720K, committed 135232K, reserved 983040K
  class space    used 18315K, committed 19456K, reserved 851968K
}
Event: 161.579 GC heap after
{Heap after GC invocations=82 (full 0):
 garbage-first heap   total 675840K, used 353979K [0x0000000680000000, 0x0000000800000000)
  region size 4096K, 4 young (16384K), 4 survivors (16384K)
 Metaspace       used 132720K, committed 135232K, reserved 983040K
  class space    used 18315K, committed 19456K, reserved 851968K
}
Event: 161.947 GC heap before
{Heap before GC invocations=82 (full 0):
 garbage-first heap   total 675840K, used 370363K [0x0000000680000000, 0x0000000800000000)
  region size 4096K, 8 young (32768K), 4 survivors (16384K)
 Metaspace       used 132897K, committed 135360K, reserved 983040K
  class space    used 18339K, committed 19456K, reserved 851968K
}
Event: 161.992 GC heap after
{Heap after GC invocations=83 (full 0):
 garbage-first heap   total 675840K, used 347432K [0x0000000680000000, 0x0000000800000000)
  region size 4096K, 1 young (4096K), 1 survivors (4096K)
 Metaspace       used 132897K, committed 135360K, reserved 983040K
  class space    used 18339K, committed 19456K, reserved 851968K
}
Event: 166.594 GC heap before
{Heap before GC invocations=83 (full 0):
 garbage-first heap   total 675840K, used 544040K [0x0000000680000000, 0x0000000800000000)
  region size 4096K, 50 young (204800K), 1 survivors (4096K)
 Metaspace       used 134479K, committed 136960K, reserved 983040K
  class space    used 18487K, committed 19584K, reserved 851968K
}
Event: 166.609 GC heap after
{Heap after GC invocations=84 (full 0):
 garbage-first heap   total 917504K, used 349907K [0x0000000680000000, 0x0000000800000000)
  region size 4096K, 2 young (8192K), 2 survivors (8192K)
 Metaspace       used 134479K, committed 136960K, reserved 983040K
  class space    used 18487K, committed 19584K, reserved 851968K
}
Event: 177.533 GC heap before
{Heap before GC invocations=84 (full 0):
 garbage-first heap   total 917504K, used 763603K [0x0000000680000000, 0x0000000800000000)
  region size 4096K, 104 young (425984K), 2 survivors (8192K)
 Metaspace       used 146318K, committed 148928K, reserved 983040K
  class space    used 19843K, committed 20992K, reserved 851968K
}
Event: 177.681 GC heap after
{Heap after GC invocations=85 (full 0):
 garbage-first heap   total 917504K, used 395715K [0x0000000680000000, 0x0000000800000000)
  region size 4096K, 13 young (53248K), 13 survivors (53248K)
 Metaspace       used 146318K, committed 148928K, reserved 983040K
  class space    used 19843K, committed 20992K, reserved 851968K
}
Event: 187.467 GC heap before
{Heap before GC invocations=85 (full 0):
 garbage-first heap   total 917504K, used 756163K [0x0000000680000000, 0x0000000800000000)
  region size 4096K, 94 young (385024K), 13 survivors (53248K)
 Metaspace       used 149324K, committed 151872K, reserved 1048576K
  class space    used 20109K, committed 21248K, reserved 851968K
}
Event: 187.591 GC heap after
{Heap after GC invocations=86 (full 0):
 garbage-first heap   total 917504K, used 386903K [0x0000000680000000, 0x0000000800000000)
  region size 4096K, 8 young (32768K), 8 survivors (32768K)
 Metaspace       used 149324K, committed 151872K, reserved 1048576K
  class space    used 20109K, committed 21248K, reserved 851968K
}
Event: 234.442 GC heap before
{Heap before GC invocations=86 (full 0):
 garbage-first heap   total 917504K, used 726871K [0x0000000680000000, 0x0000000800000000)
  region size 4096K, 92 young (376832K), 8 survivors (32768K)
 Metaspace       used 154441K, committed 157120K, reserved 1048576K
  class space    used 20652K, committed 21824K, reserved 851968K
}
Event: 234.514 GC heap after
{Heap after GC invocations=87 (full 0):
 garbage-first heap   total 917504K, used 379481K [0x0000000680000000, 0x0000000800000000)
  region size 4096K, 4 young (16384K), 4 survivors (16384K)
 Metaspace       used 154441K, committed 157120K, reserved 1048576K
  class space    used 20652K, committed 21824K, reserved 851968K
}
Event: 246.394 GC heap before
{Heap before GC invocations=87 (full 0):
 garbage-first heap   total 917504K, used 739929K [0x0000000680000000, 0x0000000800000000)
  region size 4096K, 93 young (380928K), 4 survivors (16384K)
 Metaspace       used 156925K, committed 159616K, reserved 1048576K
  class space    used 20976K, committed 22144K, reserved 851968K
}
Event: 246.441 GC heap after
{Heap after GC invocations=88 (full 0):
 garbage-first heap   total 917504K, used 390285K [0x0000000680000000, 0x0000000800000000)
  region size 4096K, 6 young (24576K), 6 survivors (24576K)
 Metaspace       used 156925K, committed 159616K, reserved 1048576K
  class space    used 20976K, committed 22144K, reserved 851968K
}
Event: 296.917 GC heap before
{Heap before GC invocations=88 (full 0):
 garbage-first heap   total 917504K, used 746637K [0x0000000680000000, 0x0000000800000000)
  region size 4096K, 94 young (385024K), 6 survivors (24576K)
 Metaspace       used 163375K, committed 166272K, reserved 1048576K
  class space    used 21735K, committed 23040K, reserved 851968K
}
Event: 297.375 GC heap after
{Heap after GC invocations=89 (full 0):
 garbage-first heap   total 917504K, used 401580K [0x0000000680000000, 0x0000000800000000)
  region size 4096K, 9 young (36864K), 9 survivors (36864K)
 Metaspace       used 163375K, committed 166272K, reserved 1048576K
  class space    used 21735K, committed 23040K, reserved 851968K
}
Event: 302.785 GC heap before
{Heap before GC invocations=89 (full 0):
 garbage-first heap   total 917504K, used 454828K [0x0000000680000000, 0x0000000800000000)
  region size 4096K, 23 young (94208K), 9 survivors (36864K)
 Metaspace       used 165320K, committed 168192K, reserved 1048576K
  class space    used 21844K, committed 23168K, reserved 851968K
}
Event: 302.971 GC heap after
{Heap after GC invocations=90 (full 0):
 garbage-first heap   total 917504K, used 406839K [0x0000000680000000, 0x0000000800000000)
  region size 4096K, 2 young (8192K), 2 survivors (8192K)
 Metaspace       used 165320K, committed 168192K, reserved 1048576K
  class space    used 21844K, committed 23168K, reserved 851968K
}

Deoptimization events (20 events):
Event: 381.214 Thread 0x0000000065308160 Uncommon trap: trap_request=0xffffffd6 fr.pc=0x0000000013731c50 relative=0x00000000000003b0
Event: 381.214 Thread 0x0000000065308160 Uncommon trap: reason=array_check action=maybe_recompile pc=0x0000000013731c50 method=java.util.LinkedHashMap.valuesToArray([Ljava/lang/Object;)[Ljava/lang/Object; @ 25 c2
Event: 381.214 Thread 0x0000000065308160 DEOPT PACKING pc=0x0000000013731c50 sp=0x000000006ed58730
Event: 381.214 Thread 0x0000000065308160 DEOPT UNPACKING pc=0x00000000120123a3 sp=0x000000006ed586d8 mode 2
Event: 382.221 Thread 0x0000000065308160 Uncommon trap: trap_request=0xfffffff4 fr.pc=0x000000001372d440 relative=0x0000000000000de0
Event: 382.222 Thread 0x0000000065308160 Uncommon trap: reason=null_check action=make_not_entrant pc=0x000000001372d440 method=jdk.nio.zipfs.ZipFileSystem.lambda$createVersionedLinks$14(Ljava/util/HashMap;[B)[B @ 8 c2
Event: 382.222 Thread 0x0000000065308160 DEOPT PACKING pc=0x000000001372d440 sp=0x000000006ed58990
Event: 382.222 Thread 0x0000000065308160 DEOPT UNPACKING pc=0x00000000120123a3 sp=0x000000006ed588a0 mode 2
Event: 382.222 Thread 0x0000000065308160 Uncommon trap: trap_request=0xfffffff4 fr.pc=0x00000000133cee38 relative=0x0000000000007cb8
Event: 382.222 Thread 0x0000000065308160 Uncommon trap: reason=null_check action=make_not_entrant pc=0x00000000133cee38 method=jdk.nio.zipfs.ZipFileSystem.lambda$createVersionedLinks$14(Ljava/util/HashMap;[B)[B @ 8 c2
Event: 382.223 Thread 0x0000000065308160 DEOPT PACKING pc=0x00000000133cee38 sp=0x000000006ed58ac0
Event: 382.223 Thread 0x0000000065308160 DEOPT UNPACKING pc=0x00000000120123a3 sp=0x000000006ed58890 mode 2
Event: 385.838 Thread 0x0000000065308160 Uncommon trap: trap_request=0xffffff66 fr.pc=0x0000000013646f80 relative=0x0000000000005e20
Event: 385.838 Thread 0x0000000065308160 Uncommon trap: reason=speculate_class_check action=maybe_recompile pc=0x0000000013646f80 method=com.sun.tools.javac.util.Name.toString()Ljava/lang/String; @ 1 c2
Event: 385.839 Thread 0x0000000065308160 DEOPT PACKING pc=0x0000000013646f80 sp=0x000000006ed58b90
Event: 385.851 Thread 0x0000000065308160 DEOPT UNPACKING pc=0x00000000120123a3 sp=0x000000006ed589e8 mode 2
Event: 386.199 Thread 0x0000000065308160 DEOPT PACKING pc=0x000000000b734d0f sp=0x000000006ed580d0
Event: 386.199 Thread 0x0000000065308160 DEOPT UNPACKING pc=0x0000000012012b43 sp=0x000000006ed575d0 mode 0
Event: 386.247 Thread 0x0000000065308160 DEOPT PACKING pc=0x000000000b734d0f sp=0x000000006ed57db0
Event: 386.247 Thread 0x0000000065308160 DEOPT UNPACKING pc=0x0000000012012b43 sp=0x000000006ed572b0 mode 0

Classes unloaded (13 events):
Event: 71.813 Thread 0x0000000028380a20 Unloading class 0x000000002d9e0400 'java/lang/invoke/LambdaForm$DMH+0x000000002d9e0400'
Event: 147.445 Thread 0x0000000028380a20 Unloading class 0x000000002df6afa0 '_BuildScript_$_run_closure3'
Event: 147.445 Thread 0x0000000028380a20 Unloading class 0x000000002df6abb8 '_BuildScript_$_run_closure2$_closure7'
Event: 147.445 Thread 0x0000000028380a20 Unloading class 0x000000002df6a7d0 '_BuildScript_$_run_closure2$_closure6'
Event: 147.445 Thread 0x0000000028380a20 Unloading class 0x000000002df6a3e8 '_BuildScript_$_run_closure2'
Event: 147.445 Thread 0x0000000028380a20 Unloading class 0x000000002df6a000 '_BuildScript_$_run_closure1$_closure5'
Event: 147.445 Thread 0x0000000028380a20 Unloading class 0x000000002df69928 '_BuildScript_$_run_closure1$_closure4'
Event: 147.445 Thread 0x0000000028380a20 Unloading class 0x000000002df69540 '_BuildScript_$_run_closure1'
Event: 147.446 Thread 0x0000000028380a20 Unloading class 0x000000002df69000 '_BuildScript_'
Event: 147.446 Thread 0x0000000028380a20 Unloading class 0x000000002df487d0 '_BuildScript_$_run_closure1$_closure3'
Event: 147.446 Thread 0x0000000028380a20 Unloading class 0x000000002df483e8 '_BuildScript_$_run_closure1$_closure2'
Event: 147.447 Thread 0x0000000028380a20 Unloading class 0x000000002df48000 '_BuildScript_$_run_closure1'
Event: 147.447 Thread 0x0000000028380a20 Unloading class 0x000000002df40800 '_BuildScript_'

Classes redefined (0 events):
No events

Internal exceptions (20 events):
Event: 386.077 Thread 0x0000000065308160 Exception <a 'sun/nio/fs/WindowsException'{0x00000006a62d9160}> (0x00000006a62d9160) 
thrown [s\open\src\hotspot\share\prims\jni.cpp, line 516]
Event: 386.077 Thread 0x0000000065308160 Exception <a 'sun/nio/fs/WindowsException'{0x00000006a62d9440}> (0x00000006a62d9440) 
thrown [s\open\src\hotspot\share\prims\jni.cpp, line 516]
Event: 386.077 Thread 0x0000000065308160 Exception <a 'sun/nio/fs/WindowsException'{0x00000006a62dbd70}> (0x00000006a62dbd70) 
thrown [s\open\src\hotspot\share\prims\jni.cpp, line 516]
Event: 386.077 Thread 0x0000000065308160 Exception <a 'sun/nio/fs/WindowsException'{0x00000006a62dc040}> (0x00000006a62dc040) 
thrown [s\open\src\hotspot\share\prims\jni.cpp, line 516]
Event: 386.273 Thread 0x0000000065308160 Exception <a 'sun/nio/fs/WindowsException'{0x00000006a63816b0}> (0x00000006a63816b0) 
thrown [s\open\src\hotspot\share\prims\jni.cpp, line 516]
Event: 386.273 Thread 0x0000000065308160 Exception <a 'sun/nio/fs/WindowsException'{0x00000006a6381980}> (0x00000006a6381980) 
thrown [s\open\src\hotspot\share\prims\jni.cpp, line 516]
Event: 386.276 Thread 0x0000000065308160 Exception <a 'sun/nio/fs/WindowsException'{0x00000006a63842a8}> (0x00000006a63842a8) 
thrown [s\open\src\hotspot\share\prims\jni.cpp, line 516]
Event: 386.276 Thread 0x0000000065308160 Exception <a 'sun/nio/fs/WindowsException'{0x00000006a6384570}> (0x00000006a6384570) 
thrown [s\open\src\hotspot\share\prims\jni.cpp, line 516]
Event: 386.330 Thread 0x0000000065308160 Exception <a 'sun/nio/fs/WindowsException'{0x00000006a63c0288}> (0x00000006a63c0288) 
thrown [s\open\src\hotspot\share\prims\jni.cpp, line 516]
Event: 386.332 Thread 0x0000000065308160 Exception <a 'sun/nio/fs/WindowsException'{0x00000006a63c0558}> (0x00000006a63c0558) 
thrown [s\open\src\hotspot\share\prims\jni.cpp, line 516]
Event: 386.333 Thread 0x0000000065308160 Exception <a 'sun/nio/fs/WindowsException'{0x00000006a63c2e80}> (0x00000006a63c2e80) 
thrown [s\open\src\hotspot\share\prims\jni.cpp, line 516]
Event: 386.333 Thread 0x0000000065308160 Exception <a 'sun/nio/fs/WindowsException'{0x00000006a63c3148}> (0x00000006a63c3148) 
thrown [s\open\src\hotspot\share\prims\jni.cpp, line 516]
Event: 386.361 Thread 0x0000000065308160 Exception <a 'sun/nio/fs/WindowsException'{0x00000006a63e16f8}> (0x00000006a63e16f8) 
thrown [s\open\src\hotspot\share\prims\jni.cpp, line 516]
Event: 386.361 Thread 0x0000000065308160 Exception <a 'sun/nio/fs/WindowsException'{0x00000006a63e1a18}> (0x00000006a63e1a18) 
thrown [s\open\src\hotspot\share\prims\jni.cpp, line 516]
Event: 386.362 Thread 0x0000000065308160 Exception <a 'sun/nio/fs/WindowsException'{0x00000006a63e4390}> (0x00000006a63e4390) 
thrown [s\open\src\hotspot\share\prims\jni.cpp, line 516]
Event: 386.362 Thread 0x0000000065308160 Exception <a 'sun/nio/fs/WindowsException'{0x00000006a63e46a8}> (0x00000006a63e46a8) 
thrown [s\open\src\hotspot\share\prims\jni.cpp, line 516]
Event: 386.506 Thread 0x0000000065308160 Exception <a 'sun/nio/fs/WindowsException'{0x00000006a5c64028}> (0x00000006a5c64028) 
thrown [s\open\src\hotspot\share\prims\jni.cpp, line 516]
Event: 386.506 Thread 0x0000000065308160 Exception <a 'sun/nio/fs/WindowsException'{0x00000006a5c642c8}> (0x00000006a5c642c8) 
thrown [s\open\src\hotspot\share\prims\jni.cpp, line 516]
Event: 386.507 Thread 0x0000000065308160 Exception <a 'sun/nio/fs/WindowsException'{0x00000006a5c66bc0}> (0x00000006a5c66bc0) 
thrown [s\open\src\hotspot\share\prims\jni.cpp, line 516]
Event: 386.507 Thread 0x0000000065308160 Exception <a 'sun/nio/fs/WindowsException'{0x00000006a5c66e58}> (0x00000006a5c66e58) 
thrown [s\open\src\hotspot\share\prims\jni.cpp, line 516]

VM Operations (20 events):
Event: 373.736 Executing VM operation: Cleanup
Event: 373.764 Executing VM operation: Cleanup done
Event: 374.765 Executing VM operation: Cleanup
Event: 374.765 Executing VM operation: Cleanup done
Event: 376.766 Executing VM operation: Cleanup
Event: 376.769 Executing VM operation: Cleanup done
Event: 377.770 Executing VM operation: Cleanup
Event: 377.770 Executing VM operation: Cleanup done
Event: 379.771 Executing VM operation: Cleanup
Event: 379.786 Executing VM operation: Cleanup done
Event: 381.787 Executing VM operation: Cleanup
Event: 381.787 Executing VM operation: Cleanup done
Event: 382.788 Executing VM operation: Cleanup
Event: 382.788 Executing VM operation: Cleanup done
Event: 384.788 Executing VM operation: Cleanup
Event: 384.831 Executing VM operation: Cleanup done
Event: 385.851 Executing VM operation: HandshakeAllThreads
Event: 386.060 Executing VM operation: HandshakeAllThreads done
Event: 386.060 Executing VM operation: Cleanup
Event: 386.063 Executing VM operation: Cleanup done

Events (20 events):
Event: 317.676 Thread 0x00000000283af5d0 flushing nmethod 0x000000000d4ad490
Event: 317.689 Thread 0x00000000283af5d0 flushing nmethod 0x000000000dbf7f10
Event: 317.689 Thread 0x00000000283af5d0 flushing nmethod 0x000000000dc13390
Event: 317.689 Thread 0x00000000283af5d0 flushing nmethod 0x000000000dc18690
Event: 317.689 Thread 0x00000000283af5d0 flushing nmethod 0x000000000dc8e510
Event: 317.690 Thread 0x00000000283af5d0 flushing nmethod 0x000000000dcc9990
Event: 317.690 Thread 0x00000000283af5d0 flushing nmethod 0x000000000dccc690
Event: 317.690 Thread 0x00000000283af5d0 flushing nmethod 0x000000000dccf110
Event: 317.690 Thread 0x00000000283af5d0 flushing nmethod 0x000000000dccf690
Event: 317.690 Thread 0x00000000283af5d0 flushing nmethod 0x000000000dce4e90
Event: 317.690 Thread 0x00000000283af5d0 flushing nmethod 0x000000000dced990
Event: 317.690 Thread 0x00000000283af5d0 flushing nmethod 0x000000000dcedd10
Event: 317.690 Thread 0x00000000283af5d0 flushing nmethod 0x000000000dcf1410
Event: 319.533 Thread 0x0000000071505d00 Thread added: 0x0000000071505d00
Event: 339.870 Thread 0x0000000065301200 Thread added: 0x0000000065301200
Event: 339.871 Thread 0x0000000068e9b030 Thread added: 0x0000000068e9b030
Event: 346.050 Thread 0x0000000065fa49b0 Thread added: 0x0000000065fa49b0
Event: 346.051 Thread 0x0000000065f9f3a0 Thread added: 0x0000000065f9f3a0
Event: 366.161 Thread 0x00000000653044a0 Thread exited: 0x00000000653044a0
Event: 386.548 Thread 0x00000000283af5d0 flushing nmethod 0x0000000012b93190


Dynamic libraries:
0x0000000140000000 - 0x00000001401f5000 	C:\Program Files\Java\jdk-17\bin\java.exe
0x00007ffb500d0000 - 0x00007ffb502c5000 	C:\Windows\SYSTEM32\ntdll.dll
0x00007ffb4e130000 - 0x00007ffb4e1ed000 	C:\Windows\System32\KERNEL32.DLL
0x00007ffb4db80000 - 0x00007ffb4de48000 	C:\Windows\System32\KERNELBASE.dll
0x00007ffb4d8c0000 - 0x00007ffb4d9c0000 	C:\Windows\System32\ucrtbase.dll
0x00007ffb424c0000 - 0x00007ffb424db000 	C:\Program Files\Java\jdk-17\bin\VCRUNTIME140.dll
0x00007ffb37200000 - 0x00007ffb37219000 	C:\Program Files\Java\jdk-17\bin\jli.dll
0x00007ffb4e750000 - 0x00007ffb4e7fc000 	C:\Windows\System32\ADVAPI32.dll
0x00007ffb4e920000 - 0x00007ffb4e9be000 	C:\Windows\System32\msvcrt.dll
0x00007ffb4edf0000 - 0x00007ffb4ee8b000 	C:\Windows\System32\sechost.dll
0x00007ffb4ff00000 - 0x00007ffb5002b000 	C:\Windows\System32\RPCRT4.dll
0x00007ffb4e280000 - 0x00007ffb4e420000 	C:\Windows\System32\USER32.dll
0x00007ffb4def0000 - 0x00007ffb4df12000 	C:\Windows\System32\win32u.dll
0x00007ffb4e250000 - 0x00007ffb4e27a000 	C:\Windows\System32\GDI32.dll
0x00007ffb28400000 - 0x00007ffb2869a000 	C:\Windows\WinSxS\amd64_microsoft.windows.common-controls_6595b64144ccf1df_6.0.19041.844_none_ca00b6081b84eb1d\COMCTL32.dll
0x00007ffb4da40000 - 0x00007ffb4db4b000 	C:\Windows\System32\gdi32full.dll
0x00007ffb4de50000 - 0x00007ffb4deed000 	C:\Windows\System32\msvcp_win.dll
0x00007ffb44fd0000 - 0x00007ffb44fda000 	C:\Windows\SYSTEM32\VERSION.dll
0x00007ffb4e630000 - 0x00007ffb4e660000 	C:\Windows\System32\IMM32.DLL
0x00007ffb48570000 - 0x00007ffb4867b000 	C:\Windows\SYSTEM32\WINHTTP.dll
0x00007ffb4df70000 - 0x00007ffb4e0cf000 	C:\Windows\System32\CRYPT32.dll
0x00007ffb3ad60000 - 0x00007ffb3ad7d000 	C:\Windows\SYSTEM32\MPR.dll
0x00007ffb39e10000 - 0x00007ffb39e1c000 	C:\Windows\SYSTEM32\Secur32.dll
0x00007ffb4d700000 - 0x00007ffb4d731000 	C:\Windows\SYSTEM32\SSPICLI.DLL
0x00007ffb4e5d0000 - 0x00007ffb4e625000 	C:\Windows\System32\SHLWAPI.dll
0x00007ffb4ccb0000 - 0x00007ffb4cd7c000 	C:\Windows\SYSTEM32\DNSAPI.dll
0x00007ffb4cc70000 - 0x00007ffb4ccab000 	C:\Windows\SYSTEM32\IPHLPAPI.DLL
0x00007ffb4ede0000 - 0x00007ffb4ede8000 	C:\Windows\System32\NSI.dll
0x00007ffb4c550000 - 0x00007ffb4c583000 	C:\Windows\SYSTEM32\ntmarta.dll
0x00007ffb42430000 - 0x00007ffb4243c000 	C:\Program Files\Java\jdk-17\bin\vcruntime140_1.dll
0x00007ffb36200000 - 0x00007ffb3628e000 	C:\Program Files\Java\jdk-17\bin\msvcp140.dll
0x00007ffaff7b0000 - 0x00007ffb00390000 	C:\Program Files\Java\jdk-17\bin\server\jvm.dll
0x00007ffb4edd0000 - 0x00007ffb4edd8000 	C:\Windows\System32\PSAPI.DLL
0x00007ffb42be0000 - 0x00007ffb42c07000 	C:\Windows\SYSTEM32\WINMM.dll
0x00007ffb42a80000 - 0x00007ffb42a89000 	C:\Windows\SYSTEM32\WSOCK32.dll
0x00007ffb4f040000 - 0x00007ffb4f0ab000 	C:\Windows\System32\WS2_32.dll
0x00007ffb4c0e0000 - 0x00007ffb4c0f2000 	C:\Windows\SYSTEM32\kernel.appcore.dll
0x00007ffb41c50000 - 0x00007ffb41c5a000 	C:\Program Files\Java\jdk-17\bin\jimage.dll
0x00007ffb4ab90000 - 0x00007ffb4ad74000 	C:\Windows\SYSTEM32\DBGHELP.DLL
0x00007ffb441f0000 - 0x00007ffb4421c000 	C:\Windows\SYSTEM32\dbgcore.DLL
0x00007ffb4d9c0000 - 0x00007ffb4da40000 	C:\Windows\System32\bcryptPrimitives.dll
0x00007ffb41170000 - 0x00007ffb4117e000 	C:\Program Files\Java\jdk-17\bin\instrument.dll
0x00007ffb362b0000 - 0x00007ffb362d5000 	C:\Program Files\Java\jdk-17\bin\java.dll
0x00007ffb36120000 - 0x00007ffb361f7000 	C:\Program Files\Java\jdk-17\bin\jsvml.dll
0x00007ffb4f7b0000 - 0x00007ffb4fef2000 	C:\Windows\System32\SHELL32.dll
0x00007ffb4b930000 - 0x00007ffb4c0c1000 	C:\Windows\SYSTEM32\windows.storage.dll
0x00007ffb4ea70000 - 0x00007ffb4edc5000 	C:\Windows\System32\combase.dll
0x00007ffb4d280000 - 0x00007ffb4d2ac000 	C:\Windows\SYSTEM32\Wldp.dll
0x00007ffb4f700000 - 0x00007ffb4f7ae000 	C:\Windows\System32\SHCORE.dll
0x00007ffb4d750000 - 0x00007ffb4d76f000 	C:\Windows\SYSTEM32\profapi.dll
0x00007ffb36870000 - 0x00007ffb36888000 	C:\Program Files\Java\jdk-17\bin\zip.dll
0x00007ffb37010000 - 0x00007ffb37029000 	C:\Program Files\Java\jdk-17\bin\net.dll
0x00007ffb4cf80000 - 0x00007ffb4cfea000 	C:\Windows\system32\mswsock.dll
0x00007ffb36d80000 - 0x00007ffb36d96000 	C:\Program Files\Java\jdk-17\bin\nio.dll
0x00007ffb41bf0000 - 0x00007ffb41c00000 	C:\Program Files\Java\jdk-17\bin\verify.dll
0x00007ffb35f60000 - 0x00007ffb35f87000 	C:\Users\DELL\.gradle\native\c067742578af261105cb4f569cf0c3c89f3d7b1fecec35dd04571415982c5e48\windows-amd64\native-platform.dll
0x00007ffb07800000 - 0x00007ffb07944000 	C:\Users\DELL\.gradle\native\38dada09dfb8b06ba9b0570ebf7e218e3eb74d4ef43ca46872605cf95ebc2f47\windows-amd64\native-platform-file-events.dll
0x00007ffb41230000 - 0x00007ffb4123a000 	C:\Program Files\Java\jdk-17\bin\management.dll
0x00007ffb41190000 - 0x00007ffb4119b000 	C:\Program Files\Java\jdk-17\bin\management_ext.dll
0x00007ffb4d160000 - 0x00007ffb4d178000 	C:\Windows\SYSTEM32\CRYPTSP.dll
0x00007ffb4c920000 - 0x00007ffb4c954000 	C:\Windows\system32\rsaenh.dll
0x00007ffb4db50000 - 0x00007ffb4db77000 	C:\Windows\System32\bcrypt.dll
0x00007ffb4d6d0000 - 0x00007ffb4d6fe000 	C:\Windows\SYSTEM32\USERENV.dll
0x00007ffb4d150000 - 0x00007ffb4d15c000 	C:\Windows\SYSTEM32\CRYPTBASE.dll
0x00007ffb456f0000 - 0x00007ffb45707000 	C:\Windows\SYSTEM32\dhcpcsvc6.DLL
0x00007ffb45fa0000 - 0x00007ffb45fbd000 	C:\Windows\SYSTEM32\dhcpcsvc.DLL
0x00007ffb371f0000 - 0x00007ffb371fe000 	C:\Program Files\Java\jdk-17\bin\sunmscapi.dll
0x00007ffb4d2f0000 - 0x00007ffb4d317000 	C:\Windows\SYSTEM32\ncrypt.dll
0x00007ffb4d2b0000 - 0x00007ffb4d2eb000 	C:\Windows\SYSTEM32\NTASN1.dll
0x00007ffb48be0000 - 0x00007ffb48be7000 	C:\Windows\system32\wshunix.dll
0x00007ffb33b40000 - 0x00007ffb33b57000 	C:\Windows\system32\napinsp.dll
0x00007ffb33b20000 - 0x00007ffb33b3b000 	C:\Windows\system32\pnrpnsp.dll
0x00007ffb48800000 - 0x00007ffb48815000 	C:\Windows\system32\wshbth.dll
0x00007ffb48510000 - 0x00007ffb4852d000 	C:\Windows\system32\NLAapi.dll
0x00007ffb33b00000 - 0x00007ffb33b12000 	C:\Windows\System32\winrnr.dll
0x00007ffb45750000 - 0x00007ffb4575a000 	C:\Windows\System32\rasadhlp.dll
0x00007ffb44340000 - 0x00007ffb443bf000 	C:\Windows\System32\fwpuclnt.dll
0x00007ffb47940000 - 0x00007ffb47947000 	C:\Program Files\Java\jdk-17\bin\rmi.dll
0x00007ffb0ec40000 - 0x00007ffb0ed29000 	C:\Users\DELL\AppData\Local\Temp\sqlite-3.41.2.2-39e6e1d5-8b28-41ac-97b4-f996ff18c6a8-sqlitejdbc.dll

dbghelp: loaded successfully - version: 4.0.5 - missing functions: none
symbol engine: initialized successfully - sym options: 0x614 - pdb path: .;C:\Program Files\Java\jdk-17\bin;C:\Windows\SYSTEM32;C:\Windows\WinSxS\amd64_microsoft.windows.common-controls_6595b64144ccf1df_6.0.19041.844_none_ca00b6081b84eb1d;C:\Program Files\Java\jdk-17\bin\server;C:\Users\DELL\.gradle\native\c067742578af261105cb4f569cf0c3c89f3d7b1fecec35dd04571415982c5e48\windows-amd64;C:\Users\DELL\.gradle\native\38dada09dfb8b06ba9b0570ebf7e218e3eb74d4ef43ca46872605cf95ebc2f47\windows-amd64;C:\Users\DELL\AppData\Local\Temp

VM Arguments:
jvm_args: -XX:MaxMetaspaceSize=1g --add-opens=java.base/java.util=ALL-UNNAMED --add-opens=java.base/java.lang=ALL-UNNAMED --add-opens=java.base/java.lang.invoke=ALL-UNNAMED --add-opens=java.prefs/java.util.prefs=ALL-UNNAMED --add-opens=java.base/java.nio.charset=ALL-UNNAMED --add-opens=java.base/java.net=ALL-UNNAMED --add-opens=java.base/java.util.concurrent.atomic=ALL-UNNAMED -Xmx6g -Dfile.encoding=UTF-8 -Duser.country=US -Duser.language=en -Duser.variant -javaagent:C:\Users\DELL\.gradle\wrapper\dists\gradle-8.7-all\aan3ydargesu18aqyqjwhr3pc\gradle-8.7\lib\agents\gradle-instrumentation-agent-8.7.jar 
java_command: org.gradle.launcher.daemon.bootstrap.GradleDaemon 8.7
java_class_path (initial): C:\Users\DELL\.gradle\wrapper\dists\gradle-8.7-all\aan3ydargesu18aqyqjwhr3pc\gradle-8.7\lib\gradle-launcher-8.7.jar
Launcher Type: SUN_STANDARD

[Global flags]
     intx CICompilerCount                          = 4                                         {product} {ergonomic}
   size_t CompressedClassSpaceSize                 = 872415232                                 {product} {ergonomic}
     uint ConcGCThreads                            = 2                                         {product} {ergonomic}
     uint G1ConcRefinementThreads                  = 8                                         {product} {ergonomic}
   size_t G1HeapRegionSize                         = 4194304                                   {product} {ergonomic}
    uintx GCDrainStackTargetSize                   = 64                                        {product} {ergonomic}
   size_t InitialHeapSize                          = 134217728                                 {product} {ergonomic}
   size_t MarkStackSize                            = 4194304                                   {product} {ergonomic}
   size_t MaxHeapSize                              = 6442450944                                {product} {command line}
   size_t MaxMetaspaceSize                         = 1073741824                                {product} {command line}
   size_t MaxNewSize                               = 3862953984                                {product} {ergonomic}
   size_t MinHeapDeltaBytes                        = 4194304                                   {product} {ergonomic}
   size_t MinHeapSize                              = 8388608                                   {product} {ergonomic}
    uintx NonNMethodCodeHeapSize                   = 5839372                                {pd product} {ergonomic}
    uintx NonProfiledCodeHeapSize                  = 122909434                              {pd product} {ergonomic}
    uintx ProfiledCodeHeapSize                     = 122909434                              {pd product} {ergonomic}
    uintx ReservedCodeCacheSize                    = 251658240                              {pd product} {ergonomic}
     bool SegmentedCodeCache                       = true                                      {product} {ergonomic}
   size_t SoftMaxHeapSize                          = 6442450944                             {manageable} {ergonomic}
     bool UseCompressedClassPointers               = true                           {product lp64_product} {ergonomic}
     bool UseCompressedOops                        = true                           {product lp64_product} {ergonomic}
     bool UseG1GC                                  = true                                      {product} {ergonomic}
     bool UseLargePagesIndividualAllocation        = false                                  {pd product} {ergonomic}

Logging:
Log output configuration:
 #0: stdout all=warning uptime,level,tags
 #1: stderr all=off uptime,level,tags

Environment Variables:
JAVA_HOME=C:\Program Files\Java\jdk-17
CLASSPATH=C:\bulksms\android\\gradle\wrapper\gradle-wrapper.jar
PATH=C:\bulksms\node_modules\.bin;C:\node_modules\.bin;C:\Users\DELL\AppData\Roaming\npm\node_modules\npm\node_modules\@npmcli\run-script\lib\node-gyp-bin;C:\ninja;C:\Users\DELL\AppData\Local\Android\Sdk\cmdline-tools\latest\bin;C:\Program Files\nodejs;C:\Program Files\cursor\resources\app\bin;C:\Program Files\Void\bin;C:\Program Files\Java\jdk-17\bin;C:\ninja;C:\Users\DELL\AppData\Local\Android\Sdk\cmdline-tools\latest\bin;C:\Program Files\nodejs;C:\Program Files\Common Files\Oracle\Java\javapath;C:\Windows\system32;C:\Windows;C:\Windows\System32\Wbem;C:\Windows\System32\WindowsPowerShell\v1.0\;C:\Windows\System32\OpenSSH\;C:\Program Files (x86)\Intel\Intel(R) Management Engine Components\DAL;C:\Program Files\Intel\Intel(R) Management Engine Components\DAL;C:\Program Files\Java\jdk-17\bin;C:\Gradle\gradle-8.12-all\gradle-8.12\bin;C:\Program Files\Git\cmd;C:\Program Files\Memurai\;C:\Program Files\PowerShell\7\;C:\Program Files\nodejs\;C:\Users\DELL\AppData\Local\Programs\Python\Python313\Scripts\;C:\Users\DELL\AppData\Local\Programs\Python\Python313\;C:\Users\DELL\AppData\Local\Microsoft\WindowsApps;C:\Users\DELL\AppData\Local\Programs\Microsoft VS Code\bin;C:\Users\DELL\AppData\Local\Android\Sdk\platform-tools;C:\Users\DELL\AppData\Local\Android\Sdk\cmdline-tools\bin;C:\Users\DELL\AppData\Local\Android\Sdk\platfor;C:\Users\DELL\AppData\Local\Programs\Ant;C:\Users\DELL\AppData\Local\Programs\Antigravity\bin;C:\Users\DELL\AppData\Local\Programs\Python\Python310;C:\Users\DELL\AppData\Local\Programs\Python\Python310\Scripts\;;C:\Users\DELL\AppData\Local\Programs\Qoder\bin;C:\Users\DELL\AppData\Local\Programs\Windsurf\bin;C:\Users\DELL\AppData\Local\Microsoft\WinGet\Packages\Skylot.jadx_Microsoft.Winget.Source_8wekyb3d8bbwe;
USERNAME=DELL
OS=Windows_NT
PROCESSOR_IDENTIFIER=Intel64 Family 6 Model 142 Stepping 10, GenuineIntel



---------------  S Y S T E M  ---------------

OS:
 Windows 10 , 64 bit Build 19041 (10.0.19041.928)
OS uptime: 3 days 13:37 hours

CPU: total 8 (initial active 8) (4 cores per cpu, 2 threads per core) family 6 model 142 stepping 10 microcode 0xea, cx8, cmov, fxsr, ht, mmx, 3dnowpref, sse, sse2, sse3, ssse3, sse4.1, sse4.2, popcnt, lzcnt, tsc, tscinvbit, avx, avx2, aes, erms, clmul, bmi1, bmi2, rtm, adx, fma, vzeroupper, clflush, clflushopt

Memory: 4k page, system-wide physical 8067M (129M free)
TotalPageFile size 32643M (AvailPageFile size 20M)
current process WorkingSet (physical memory assigned to process): 286M, peak: 970M
current process commit charge ("private bytes"): 1447M, peak: 1453M

vm_info: Java HotSpot(TM) 64-Bit Server VM (17.0.12+8-LTS-286) for windows-amd64 JRE (17.0.12+8-LTS-286), built on Jun  5 2024 06:46:59 by "mach5one" with MS VC++ 17.6 (VS2022)

END.
